

Started GET "/" for ::1 at 2017-01-20 14:10:48 -0800
Processing by TaxonomyEndpointUiController#index as HTML
  Rendered taxonomy_endpoint_ui/index.haml within layouts/application (134.3ms)
Completed 500 Internal Server Error in 1921ms

ActionView::Template::Error (File to import not found or unreadable: ../../../node_modules/react-select/dist/react-select.
Load paths:
  /Users/shnada/Desktop/go/go_links/app/assets/images
  /Users/shnada/Desktop/go/go_links/app/assets/javascripts
  /Users/shnada/Desktop/go/go_links/app/assets/stylesheets
  /Users/shnada/Desktop/go/go_links/vendor/assets/javascripts
  /Users/shnada/Desktop/go/go_links/vendor/assets/stylesheets
  /Users/shnada/.rbenv/versions/2.3.0/lib/ruby/gems/2.3.0/gems/jquery-ui-rails-5.0.5/app/assets/images
  /Users/shnada/.rbenv/versions/2.3.0/lib/ruby/gems/2.3.0/gems/jquery-ui-rails-5.0.5/app/assets/javascripts
  /Users/shnada/.rbenv/versions/2.3.0/lib/ruby/gems/2.3.0/gems/jquery-ui-rails-5.0.5/app/assets/stylesheets
  /Users/shnada/.rbenv/versions/2.3.0/lib/ruby/gems/2.3.0/gems/jquery-rails-4.1.1/vendor/assets/javascripts
  /Users/shnada/.rbenv/versions/2.3.0/lib/ruby/gems/2.3.0/gems/font-awesome-rails-4.6.3.1/app/assets/fonts
  /Users/shnada/.rbenv/versions/2.3.0/lib/ruby/gems/2.3.0/gems/font-awesome-rails-4.6.3.1/app/assets/stylesheets
  /Users/shnada/.rbenv/versions/2.3.0/lib/ruby/gems/2.3.0/gems/select2-rails-3.5.9/app/assets/images
  /Users/shnada/.rbenv/versions/2.3.0/lib/ruby/gems/2.3.0/gems/select2-rails-3.5.9/app/assets/javascripts
  /Users/shnada/.rbenv/versions/2.3.0/lib/ruby/gems/2.3.0/gems/select2-rails-3.5.9/app/assets/stylesheets
  /Users/shnada/.rbenv/versions/2.3.0/lib/ruby/gems/2.3.0/gems/js-routes-1.3.0/app/assets/javascripts
  /Users/shnada/.rbenv/versions/2.3.0/lib/ruby/gems/2.3.0/gems/bootstrap-sass-3.3.6/assets/stylesheets
  /Users/shnada/.rbenv/versions/2.3.0/lib/ruby/gems/2.3.0/gems/bootstrap-sass-3.3.6/assets/javascripts
  /Users/shnada/.rbenv/versions/2.3.0/lib/ruby/gems/2.3.0/gems/bootstrap-sass-3.3.6/assets/fonts
  /Users/shnada/.rbenv/versions/2.3.0/lib/ruby/gems/2.3.0/gems/bootstrap-sass-3.3.6/assets/images
  /Users/shnada/.rbenv/versions/2.3.0/lib/ruby/gems/2.3.0/gems/bootstrap-sass-3.3.6/assets/stylesheets
  /Users/shnada/.rbenv/versions/2.3.0/lib/ruby/gems/2.3.0/gems/bootstrap-sass-3.3.6/assets/stylesheets):
    1: !!! 5
    2: %head
    3:   %title= @page_title
    4:   = stylesheet_link_tag 'application'
    5: 
    6:   = include_gon
    7:   = javascript_include_tag 'application'
  app/assets/stylesheets/custom.sass:1
  app/assets/stylesheets/application.sass:21
  app/views/layouts/application.haml:4:in `_app_views_layouts_application_haml___3464643370189804790_70169396336600'


  Rendered /Users/shnada/.rbenv/versions/2.3.0/lib/ruby/gems/2.3.0/gems/actionpack-4.2.5/lib/action_dispatch/middleware/templates/rescues/_source.erb (7.3ms)
  Rendered /Users/shnada/.rbenv/versions/2.3.0/lib/ruby/gems/2.3.0/gems/actionpack-4.2.5/lib/action_dispatch/middleware/templates/rescues/_trace.html.erb (3.6ms)
  Rendered /Users/shnada/.rbenv/versions/2.3.0/lib/ruby/gems/2.3.0/gems/actionpack-4.2.5/lib/action_dispatch/middleware/templates/rescues/_request_and_response.html.erb (15.6ms)
  Rendered /Users/shnada/.rbenv/versions/2.3.0/lib/ruby/gems/2.3.0/gems/actionpack-4.2.5/lib/action_dispatch/middleware/templates/rescues/template_error.html.erb within rescues/layout (62.2ms)


Started GET "/" for ::1 at 2017-01-20 14:12:52 -0800
Processing by TaxonomyEndpointUiController#index as HTML
  Rendered taxonomy_endpoint_ui/index.haml within layouts/application (135.8ms)
Warning. Error encountered while saving cache 7859150db618d213ded1eadde30141d6e998152c/_base_styles.sassc: can't dump hash with default proc

WARNING on line 94 of /Users/shnada/Desktop/go/go_links/node_modules/liveramp-ui-toolkit/sass/_ui_progress_meter.sass:
This selector doesn't have any properties and will not be rendered.

WARNING on line 190 of /Users/shnada/Desktop/go/go_links/node_modules/liveramp-ui-toolkit/sass/_ui_table.sass:
This selector doesn't have any properties and will not be rendered.

WARNING on line 197 of /Users/shnada/Desktop/go/go_links/node_modules/liveramp-ui-toolkit/sass/_ui_table.sass:
This selector doesn't have any properties and will not be rendered.

WARNING on line 23 of /Users/shnada/Desktop/go/go_links/app/assets/stylesheets/taxonomy_endpoint_edit_form.sass:
This selector doesn't have any properties and will not be rendered.

Warning. Error encountered while saving cache 7859150db618d213ded1eadde30141d6e998152c/_base_styles.sassc: can't dump hash with default proc

Warning. Error encountered while saving cache 7859150db618d213ded1eadde30141d6e998152c/_base_styles.sassc: can't dump hash with default proc

Warning. Error encountered while saving cache 7859150db618d213ded1eadde30141d6e998152c/_base_styles.sassc: can't dump hash with default proc

Completed 200 OK in 9017ms


Started GET "/assets/custom.self-ba0a02fd1ca4ece2f1844269c7dcbfeb20253b398942f92ba8a1011155aa9ede.css?body=1" for ::1 at 2017-01-20 14:13:02 -0800


Started GET "/assets/required_taxonomy_property_list_header.self-5b8e521368df1586b03c7314dc540e489f38af918dce502aa66f4f6147ec88ac.css?body=1" for ::1 at 2017-01-20 14:13:02 -0800


Started GET "/assets/macro_table.self-dc0fa9b9307cb9e97d5f7317d06d3c822275215051d62590a553919d0cbc689c.css?body=1" for ::1 at 2017-01-20 14:13:02 -0800


Started GET "/assets/required_taxonomy_property_list_row.self-f0d8d5943f72f080b1c9169d9895e7aff33c2bf6fc6ea82b904d99b152138717.css?body=1" for ::1 at 2017-01-20 14:13:03 -0800


Started GET "/assets/taxonomy_endpoint_list.self-93c2bceab10b3b9b2e2cb97b6eca80d8b133d3457d7ac33758b9c250f0f28465.css?body=1" for ::1 at 2017-01-20 14:13:03 -0800


Started GET "/assets/taxonomy_endpoint_edit_form.self-3d0b83804dd1b248fc2f918d88498e1943b0594c8720fdb950e1e62772bdd9da.css?body=1" for ::1 at 2017-01-20 14:13:03 -0800


Started GET "/assets/application.self-f3082d468abb27dac96da8f052e95251faeb2e6b7152a3b6b1e002af04e33bdf.css?body=1" for ::1 at 2017-01-20 14:13:03 -0800


Started GET "/assets/subdomain_routes.self-afefaa33b53d8051bd580f7ca728e277c6ad3dd1e3d0f002867405eaae5207d7.js?body=1" for ::1 at 2017-01-20 14:13:04 -0800


Started GET "/assets/jquery.self-660adc51e0224b731d29f575a6f1ec167ba08ad06ed5deca4f1e8654c135bf4c.js?body=1" for ::1 at 2017-01-20 14:13:04 -0800


Started GET "/assets/bootstrap/affix.self-3555752f8a930795ee9e56751a52e6871104ae85d01b3ab8363da3802a5ecc78.js?body=1" for ::1 at 2017-01-20 14:13:04 -0800


Started GET "/assets/bootstrap/alert.self-d8b7bd612b3dcfdefb7b5539b9d5848d66ccbd3e7af8bb8d48bfb3288aaa7be8.js?body=1" for ::1 at 2017-01-20 14:13:04 -0800


Started GET "/assets/bootstrap/button.self-e74d33ba39500940a78d6fa4d2d64f6ca7fd86d60a2149641f7fde7ba711d8a1.js?body=1" for ::1 at 2017-01-20 14:13:05 -0800


Started GET "/assets/bootstrap/carousel.self-35d204878d906298e55bc24553e11fd89b980fc4ffe5792fe36af8c0da289c54.js?body=1" for ::1 at 2017-01-20 14:13:05 -0800


Started GET "/assets/bootstrap/collapse.self-056c40532d9f0f126ec17e839f60c942f573fbd61a086e7f156306e3fc5e8c1f.js?body=1" for ::1 at 2017-01-20 14:13:05 -0800


Started GET "/assets/bootstrap/dropdown.self-e56c2ffee4618411d43ecf15c89273f6223847ad756e1cd17545d04afa732ed4.js?body=1" for ::1 at 2017-01-20 14:13:05 -0800


Started GET "/assets/bootstrap/modal.self-62463080dba6b9d024ff0a3192da0e76eacbc683194f3395047c6f5cfa0acb59.js?body=1" for ::1 at 2017-01-20 14:13:05 -0800


Started GET "/assets/bootstrap/scrollspy.self-52afd90e8ba97d9f08617a13986e8869d6c4a45751c0bff59a6f91241e722aca.js?body=1" for ::1 at 2017-01-20 14:13:06 -0800


Started GET "/assets/bootstrap/tab.self-dad0d5c377f9fae26394484535ebb23ccf68afae084f896af6ea4cdf8c9f6ae0.js?body=1" for ::1 at 2017-01-20 14:13:06 -0800


Started GET "/assets/bootstrap/transition.self-3b268d4cd8c79e46ded7392885f72f64ffb5b0d49948a12b8cf9779f6163e13a.js?body=1" for ::1 at 2017-01-20 14:13:06 -0800


Started GET "/assets/bootstrap/tooltip.self-facdc69246a072acb927ded77ff655f7c27a518b9357fddd45d119fbc8a0ab9f.js?body=1" for ::1 at 2017-01-20 14:13:06 -0800


Started GET "/assets/bootstrap/popover.self-210cff1fb4b72b71a29b5122180cb5937c8145cd13a934dc838280f1d9607a3e.js?body=1" for ::1 at 2017-01-20 14:13:07 -0800


Started GET "/assets/bootstrap-sprockets.self-fbfa5ad7d9aa0afe439ec4ff3883acc4cb92b62cb67c40d674320c9aa1d4642d.js?body=1" for ::1 at 2017-01-20 14:13:07 -0800


Started GET "/assets/application.self-377610cd7c1509e934744c810e3b4cf672dfbcacac3274e7d039827e2ae0fcc7.js?body=1" for ::1 at 2017-01-20 14:13:07 -0800


Started GET "/javascripts/taxonomyEndpointUi.bundle.js" for ::1 at 2017-01-20 14:13:07 -0800
Processing by TaxonomyEndpointUiController#index as JS
  Parameters: {"path"=>"javascripts/taxonomyEndpointUi.bundle"}
  Rendered taxonomy_endpoint_ui/index.haml within layouts/application (6.7ms)
Completed 200 OK in 122ms


Started GET "/" for ::1 at 2017-01-20 14:13:16 -0800
Processing by TaxonomyEndpointUiController#index as HTML
  Rendered taxonomy_endpoint_ui/index.haml within layouts/application (6.3ms)
Completed 200 OK in 112ms


Started GET "/javascripts/taxonomyEndpointUi.bundle.js" for ::1 at 2017-01-20 14:13:16 -0800
Processing by TaxonomyEndpointUiController#index as JS
  Parameters: {"path"=>"javascripts/taxonomyEndpointUi.bundle"}
  Rendered taxonomy_endpoint_ui/index.haml within layouts/application (5.9ms)
Completed 200 OK in 108ms


Started GET "/" for ::1 at 2017-01-20 14:13:18 -0800
Processing by TaxonomyEndpointUiController#index as HTML
  Rendered taxonomy_endpoint_ui/index.haml within layouts/application (5.6ms)
Completed 200 OK in 103ms


Started GET "/javascripts/taxonomyEndpointUi.bundle.js" for ::1 at 2017-01-20 14:13:18 -0800
Processing by TaxonomyEndpointUiController#index as JS
  Parameters: {"path"=>"javascripts/taxonomyEndpointUi.bundle"}
  Rendered taxonomy_endpoint_ui/index.haml within layouts/application (6.1ms)
Completed 200 OK in 100ms


Started GET "/" for ::1 at 2017-01-20 14:17:10 -0800
Processing by TaxonomyEndpointUiController#index as HTML
  Rendered taxonomy_endpoint_ui/index.haml within layouts/application (10.0ms)
Completed 200 OK in 127ms


Started GET "/javascripts/taxonomyEndpointUi.bundle.js" for ::1 at 2017-01-20 14:17:11 -0800
Processing by TaxonomyEndpointUiController#index as JS
  Parameters: {"path"=>"javascripts/taxonomyEndpointUi.bundle"}
  Rendered taxonomy_endpoint_ui/index.haml within layouts/application (10.9ms)
Completed 200 OK in 123ms


Started GET "/" for ::1 at 2017-01-20 14:18:15 -0800
Processing by TaxonomyEndpointUiController#index as HTML
  Rendered taxonomy_endpoint_ui/index.haml within layouts/application (124.8ms)
Completed 200 OK in 381ms


Started GET "/javascripts/taxonomyEndpointUi.bundle.js" for ::1 at 2017-01-20 14:18:20 -0800
Processing by TaxonomyEndpointUiController#index as JS
  Parameters: {"path"=>"javascripts/taxonomyEndpointUi.bundle"}
  Rendered taxonomy_endpoint_ui/index.haml within layouts/application (7.0ms)
Completed 200 OK in 186ms


Started GET "/" for ::1 at 2017-01-20 14:24:40 -0800
Processing by TaxonomyEndpointUiController#index as HTML
  Rendered taxonomy_endpoint_ui/index.haml within layouts/application (130.1ms)
Completed 200 OK in 355ms


Started GET "/javascripts/taxonomyEndpointUi.bundle.js" for ::1 at 2017-01-20 14:24:42 -0800
Processing by TaxonomyEndpointUiController#index as JS
  Parameters: {"path"=>"javascripts/taxonomyEndpointUi.bundle"}
  Rendered taxonomy_endpoint_ui/index.haml within layouts/application (10.0ms)
Completed 200 OK in 150ms


Started GET "/" for ::1 at 2017-01-20 14:34:11 -0800
Processing by TaxonomyEndpointUiController#index as HTML
  Rendered taxonomy_endpoint_ui/index.haml within layouts/application (5.8ms)
Completed 200 OK in 113ms


Started GET "/javascripts/taxonomyEndpointUi.bundle.js" for ::1 at 2017-01-20 14:34:11 -0800
Processing by TaxonomyEndpointUiController#index as JS
  Parameters: {"path"=>"javascripts/taxonomyEndpointUi.bundle"}
  Rendered taxonomy_endpoint_ui/index.haml within layouts/application (7.1ms)
Completed 200 OK in 106ms


Started GET "/" for ::1 at 2017-01-20 14:35:39 -0800
Processing by TaxonomyEndpointUiController#index as HTML
  Rendered taxonomy_endpoint_ui/index.haml within layouts/application (708.0ms)
Warning. Error encountered while saving cache 7859150db618d213ded1eadde30141d6e998152c/_base_styles.sassc: can't dump hash with default proc

Warning. Error encountered while saving cache 7859150db618d213ded1eadde30141d6e998152c/_base_styles.sassc: can't dump hash with default proc

Completed 200 OK in 4597ms


Started GET "/assets/taxonomyEndpointUi.bundle.self-6a9bc04fd314084c03a9523102f86e67aac1d88dd93e756a342e0c611a60d79a.js?body=1" for ::1 at 2017-01-20 14:35:43 -0800


Started GET "/api/taxonomy_endpoints" for ::1 at 2017-01-20 14:35:44 -0800
Processing by Api::TaxonomyEndpointsController#index as */*
Completed 200 OK in 627ms


Started GET "/" for ::1 at 2017-01-20 16:56:52 -0800
Processing by TaxonomyEndpointUiController#index as HTML
  Rendered taxonomy_endpoint_ui/index.haml within layouts/application (30.7ms)
Completed 200 OK in 253ms


Started GET "/api/taxonomy_endpoints" for ::1 at 2017-01-20 16:56:54 -0800
Processing by Api::TaxonomyEndpointsController#index as */*
Completed 200 OK in 363ms


Started GET "/" for 127.0.0.1 at 2017-01-20 16:57:47 -0800
Processing by TaxonomyEndpointUiController#index as HTML
  Rendered taxonomy_endpoint_ui/index.haml within layouts/application (12.9ms)
Completed 200 OK in 187ms


Started GET "/assets/custom.self-ba0a02fd1ca4ece2f1844269c7dcbfeb20253b398942f92ba8a1011155aa9ede.css?body=1" for 127.0.0.1 at 2017-01-20 16:57:47 -0800


Started GET "/assets/required_taxonomy_property_list_header.self-5b8e521368df1586b03c7314dc540e489f38af918dce502aa66f4f6147ec88ac.css?body=1" for 127.0.0.1 at 2017-01-20 16:57:47 -0800


Started GET "/assets/taxonomy_endpoint_edit_form.self-3d0b83804dd1b248fc2f918d88498e1943b0594c8720fdb950e1e62772bdd9da.css?body=1" for 127.0.0.1 at 2017-01-20 16:57:48 -0800


Started GET "/assets/taxonomy_endpoint_list.self-93c2bceab10b3b9b2e2cb97b6eca80d8b133d3457d7ac33758b9c250f0f28465.css?body=1" for 127.0.0.1 at 2017-01-20 16:57:48 -0800


Started GET "/assets/macro_table.self-dc0fa9b9307cb9e97d5f7317d06d3c822275215051d62590a553919d0cbc689c.css?body=1" for 127.0.0.1 at 2017-01-20 16:57:48 -0800


Started GET "/assets/required_taxonomy_property_list_row.self-f0d8d5943f72f080b1c9169d9895e7aff33c2bf6fc6ea82b904d99b152138717.css?body=1" for 127.0.0.1 at 2017-01-20 16:57:48 -0800


Started GET "/assets/application.self-f3082d468abb27dac96da8f052e95251faeb2e6b7152a3b6b1e002af04e33bdf.css?body=1" for 127.0.0.1 at 2017-01-20 16:57:49 -0800


Started GET "/assets/subdomain_routes.self-afefaa33b53d8051bd580f7ca728e277c6ad3dd1e3d0f002867405eaae5207d7.js?body=1" for 127.0.0.1 at 2017-01-20 16:57:49 -0800


Started GET "/assets/jquery.self-660adc51e0224b731d29f575a6f1ec167ba08ad06ed5deca4f1e8654c135bf4c.js?body=1" for 127.0.0.1 at 2017-01-20 16:57:49 -0800


Started GET "/assets/bootstrap/affix.self-3555752f8a930795ee9e56751a52e6871104ae85d01b3ab8363da3802a5ecc78.js?body=1" for 127.0.0.1 at 2017-01-20 16:57:49 -0800


Started GET "/assets/bootstrap/alert.self-d8b7bd612b3dcfdefb7b5539b9d5848d66ccbd3e7af8bb8d48bfb3288aaa7be8.js?body=1" for 127.0.0.1 at 2017-01-20 16:57:50 -0800


Started GET "/assets/bootstrap/button.self-e74d33ba39500940a78d6fa4d2d64f6ca7fd86d60a2149641f7fde7ba711d8a1.js?body=1" for 127.0.0.1 at 2017-01-20 16:57:50 -0800


Started GET "/assets/bootstrap/carousel.self-35d204878d906298e55bc24553e11fd89b980fc4ffe5792fe36af8c0da289c54.js?body=1" for 127.0.0.1 at 2017-01-20 16:57:50 -0800


Started GET "/assets/bootstrap/collapse.self-056c40532d9f0f126ec17e839f60c942f573fbd61a086e7f156306e3fc5e8c1f.js?body=1" for 127.0.0.1 at 2017-01-20 16:57:50 -0800


Started GET "/assets/bootstrap/dropdown.self-e56c2ffee4618411d43ecf15c89273f6223847ad756e1cd17545d04afa732ed4.js?body=1" for 127.0.0.1 at 2017-01-20 16:57:50 -0800


Started GET "/assets/bootstrap/modal.self-62463080dba6b9d024ff0a3192da0e76eacbc683194f3395047c6f5cfa0acb59.js?body=1" for 127.0.0.1 at 2017-01-20 16:57:51 -0800


Started GET "/assets/bootstrap/scrollspy.self-52afd90e8ba97d9f08617a13986e8869d6c4a45751c0bff59a6f91241e722aca.js?body=1" for 127.0.0.1 at 2017-01-20 16:57:51 -0800


Started GET "/assets/bootstrap/tab.self-dad0d5c377f9fae26394484535ebb23ccf68afae084f896af6ea4cdf8c9f6ae0.js?body=1" for 127.0.0.1 at 2017-01-20 16:57:51 -0800


Started GET "/assets/bootstrap/transition.self-3b268d4cd8c79e46ded7392885f72f64ffb5b0d49948a12b8cf9779f6163e13a.js?body=1" for 127.0.0.1 at 2017-01-20 16:57:51 -0800


Started GET "/assets/bootstrap/tooltip.self-facdc69246a072acb927ded77ff655f7c27a518b9357fddd45d119fbc8a0ab9f.js?body=1" for 127.0.0.1 at 2017-01-20 16:57:52 -0800


Started GET "/assets/bootstrap/popover.self-210cff1fb4b72b71a29b5122180cb5937c8145cd13a934dc838280f1d9607a3e.js?body=1" for 127.0.0.1 at 2017-01-20 16:57:52 -0800


Started GET "/assets/bootstrap-sprockets.self-fbfa5ad7d9aa0afe439ec4ff3883acc4cb92b62cb67c40d674320c9aa1d4642d.js?body=1" for 127.0.0.1 at 2017-01-20 16:57:52 -0800


Started GET "/assets/application.self-377610cd7c1509e934744c810e3b4cf672dfbcacac3274e7d039827e2ae0fcc7.js?body=1" for 127.0.0.1 at 2017-01-20 16:57:52 -0800


Started GET "/assets/taxonomyEndpointUi.bundle.self-6a9bc04fd314084c03a9523102f86e67aac1d88dd93e756a342e0c611a60d79a.js?body=1" for 127.0.0.1 at 2017-01-20 16:57:53 -0800


Started GET "/" for ::1 at 2017-01-23 15:50:20 -0800
Processing by GoLinksUiController#index as HTML
  Rendered go_links_ui/index.haml within layouts/application (893.6ms)
Warning. Error encountered while saving cache 7859150db618d213ded1eadde30141d6e998152c/_base_styles.sassc: can't dump hash with default proc

Warning. Error encountered while saving cache 7859150db618d213ded1eadde30141d6e998152c/_base_styles.sassc: can't dump hash with default proc

Warning. Error encountered while saving cache 7859150db618d213ded1eadde30141d6e998152c/_base_styles.sassc: can't dump hash with default proc

Warning. Error encountered while saving cache 7859150db618d213ded1eadde30141d6e998152c/_base_styles.sassc: can't dump hash with default proc

Completed 200 OK in 6330ms


Started GET "/assets/custom.self-5afad7e4e53552f14137f8f101e8354ec52c3743f6b0c7b18791cd17f4d124d6.css?body=1" for ::1 at 2017-01-23 15:50:27 -0800


Started GET "/assets/taxonomy_endpoint_list.self-e3b0c44298fc1c149afbf4c8996fb92427ae41e4649b934ca495991b7852b855.css?body=1" for ::1 at 2017-01-23 15:50:27 -0800


Started GET "/assets/application.self-1ca1648f771f28df0dce0bd8533f88f09bb7880cd59ef3844e3444e211a172d8.css?body=1" for ::1 at 2017-01-23 15:50:27 -0800


Started GET "/assets/subdomain_routes.self-fc2e90f9852ca21c9a865e4c389714a3c1e8d4b6a6e429d07cd71b2fb3513a53.js?body=1" for ::1 at 2017-01-23 15:50:28 -0800


Started GET "/assets/jquery.self-660adc51e0224b731d29f575a6f1ec167ba08ad06ed5deca4f1e8654c135bf4c.js?body=1" for ::1 at 2017-01-23 15:50:28 -0800


Started GET "/assets/bootstrap/affix.self-3555752f8a930795ee9e56751a52e6871104ae85d01b3ab8363da3802a5ecc78.js?body=1" for ::1 at 2017-01-23 15:50:28 -0800


Started GET "/assets/bootstrap/alert.self-d8b7bd612b3dcfdefb7b5539b9d5848d66ccbd3e7af8bb8d48bfb3288aaa7be8.js?body=1" for ::1 at 2017-01-23 15:50:28 -0800


Started GET "/assets/bootstrap/button.self-e74d33ba39500940a78d6fa4d2d64f6ca7fd86d60a2149641f7fde7ba711d8a1.js?body=1" for ::1 at 2017-01-23 15:50:28 -0800


Started GET "/assets/bootstrap/carousel.self-35d204878d906298e55bc24553e11fd89b980fc4ffe5792fe36af8c0da289c54.js?body=1" for ::1 at 2017-01-23 15:50:29 -0800


Started GET "/assets/bootstrap/collapse.self-056c40532d9f0f126ec17e839f60c942f573fbd61a086e7f156306e3fc5e8c1f.js?body=1" for ::1 at 2017-01-23 15:50:29 -0800


Started GET "/assets/bootstrap/dropdown.self-e56c2ffee4618411d43ecf15c89273f6223847ad756e1cd17545d04afa732ed4.js?body=1" for ::1 at 2017-01-23 15:50:29 -0800


Started GET "/assets/bootstrap/modal.self-62463080dba6b9d024ff0a3192da0e76eacbc683194f3395047c6f5cfa0acb59.js?body=1" for ::1 at 2017-01-23 15:50:29 -0800


Started GET "/assets/bootstrap/scrollspy.self-52afd90e8ba97d9f08617a13986e8869d6c4a45751c0bff59a6f91241e722aca.js?body=1" for ::1 at 2017-01-23 15:50:29 -0800


Started GET "/assets/bootstrap/tab.self-dad0d5c377f9fae26394484535ebb23ccf68afae084f896af6ea4cdf8c9f6ae0.js?body=1" for ::1 at 2017-01-23 15:50:29 -0800


Started GET "/assets/bootstrap/transition.self-3b268d4cd8c79e46ded7392885f72f64ffb5b0d49948a12b8cf9779f6163e13a.js?body=1" for ::1 at 2017-01-23 15:50:30 -0800


Started GET "/assets/bootstrap/tooltip.self-facdc69246a072acb927ded77ff655f7c27a518b9357fddd45d119fbc8a0ab9f.js?body=1" for ::1 at 2017-01-23 15:50:30 -0800


Started GET "/assets/bootstrap/popover.self-210cff1fb4b72b71a29b5122180cb5937c8145cd13a934dc838280f1d9607a3e.js?body=1" for ::1 at 2017-01-23 15:50:30 -0800


Started GET "/assets/bootstrap-sprockets.self-fbfa5ad7d9aa0afe439ec4ff3883acc4cb92b62cb67c40d674320c9aa1d4642d.js?body=1" for ::1 at 2017-01-23 15:50:30 -0800


Started GET "/assets/application.self-377610cd7c1509e934744c810e3b4cf672dfbcacac3274e7d039827e2ae0fcc7.js?body=1" for ::1 at 2017-01-23 15:50:30 -0800


Started GET "/assets/goLinksUi.bundle.self-5363fae19f3c06e51543f387a3e2f43071e7fe7748468ca743692397c364a6ea.js?body=1" for ::1 at 2017-01-23 15:50:30 -0800


Started GET "/" for ::1 at 2017-01-23 16:15:03 -0800
Processing by GoLinksUiController#index as HTML
  Rendered go_links_ui/index.haml within layouts/application (695.8ms)
Completed 200 OK in 826ms


Started GET "/assets/goLinksUi.bundle.self-2b706f38e6a91fbeeaf17db263647ab9f48bb1e6854e7d080d02960440c35a58.js?body=1" for ::1 at 2017-01-23 16:15:04 -0800


Started GET "/" for ::1 at 2017-01-23 16:15:28 -0800
Processing by GoLinksUiController#index as HTML
  Rendered go_links_ui/index.haml within layouts/application (6.1ms)
Completed 200 OK in 92ms


Started GET "/" for ::1 at 2017-01-23 16:15:51 -0800
Processing by GoLinksUiController#index as HTML
  Rendered go_links_ui/index.haml within layouts/application (244.1ms)
Completed 200 OK in 473ms


Started GET "/create" for ::1 at 2017-01-23 16:23:49 -0800
Processing by GoLinksUiController#index as HTML
  Parameters: {"path"=>"create"}
  Rendered go_links_ui/index.haml within layouts/application (4.7ms)
Completed 200 OK in 90ms


Started GET "/" for ::1 at 2017-01-23 16:32:32 -0800
Processing by GoLinksUiController#index as HTML
  Rendered go_links_ui/index.haml within layouts/application (4.4ms)
Completed 200 OK in 120ms


Started GET "/" for ::1 at 2017-01-23 16:33:18 -0800
Processing by GoLinksUiController#index as HTML
  Rendered go_links_ui/index.haml within layouts/application (4.8ms)
Completed 200 OK in 120ms


Started GET "/" for ::1 at 2017-01-23 16:34:17 -0800
Processing by GoLinksUiController#index as HTML
  Rendered go_links_ui/index.haml within layouts/application (4.0ms)
Completed 200 OK in 108ms


Started GET "/" for ::1 at 2017-01-23 16:34:31 -0800
Processing by GoLinksUiController#index as HTML
  Rendered go_links_ui/index.haml within layouts/application (692.2ms)
Completed 200 OK in 808ms


Started GET "/assets/goLinksUi.bundle.self-083f787c3db9bce5c73d786439559c83a7fb01f3af1a264f760531eae08ac80f.js?body=1" for ::1 at 2017-01-23 16:34:32 -0800


Started GET "/" for ::1 at 2017-01-23 16:35:55 -0800
Processing by GoLinksUiController#index as HTML
  Rendered go_links_ui/index.haml within layouts/application (757.8ms)
Completed 200 OK in 850ms


Started GET "/assets/goLinksUi.bundle.self-3a40088d3a0d33f055f966975c49c39431277ca003a95325f4f61b31b3a7a81c.js?body=1" for ::1 at 2017-01-23 16:35:56 -0800


Started GET "/" for ::1 at 2017-01-23 16:47:05 -0800
Processing by GoLinksUiController#index as HTML
  Rendered go_links_ui/index.haml within layouts/application (728.2ms)
Completed 200 OK in 808ms


Started GET "/assets/goLinksUi.bundle.self-d4ef6d3cd60f077196463febb665b5aa0893544d13dcd6c5cc076e238cff3934.js?body=1" for ::1 at 2017-01-23 16:47:06 -0800


Started GET "/" for ::1 at 2017-01-23 16:58:09 -0800
Processing by GoLinksUiController#index as HTML
  Rendered go_links_ui/index.haml within layouts/application (639.9ms)
Completed 200 OK in 741ms


Started GET "/" for ::1 at 2017-01-23 16:58:10 -0800
Processing by GoLinksUiController#index as HTML
  Rendered go_links_ui/index.haml within layouts/application (8.1ms)
Completed 200 OK in 140ms


Started GET "/assets/goLinksUi.bundle.self-25a703bb4942ae0b3cba5e94266eb17755785e13eef4a1ad5e05646a27adf63c.js?body=1" for ::1 at 2017-01-23 16:58:10 -0800


Started GET "/" for ::1 at 2017-01-23 16:59:09 -0800
Processing by GoLinksUiController#index as HTML
  Rendered go_links_ui/index.haml within layouts/application (709.1ms)
Completed 200 OK in 824ms


Started GET "/assets/goLinksUi.bundle.self-63a67b82105b86efedb2b7a853ae1657101cfd5e4999ae522bcd83e159dfcc7b.js?body=1" for ::1 at 2017-01-23 16:59:10 -0800


Started GET "/" for ::1 at 2017-01-23 17:00:32 -0800
Processing by GoLinksUiController#index as HTML
  Rendered go_links_ui/index.haml within layouts/application (730.5ms)
Completed 200 OK in 806ms


Started GET "/assets/goLinksUi.bundle.self-2518aa16ae45cdffa93b73e961cabe7e96d3b7b1f0866d6e93c5f6e43f47ab22.js?body=1" for ::1 at 2017-01-23 17:00:33 -0800


Started GET "/" for ::1 at 2017-01-23 17:01:15 -0800
Processing by GoLinksUiController#index as HTML
  Rendered go_links_ui/index.haml within layouts/application (689.9ms)
Completed 200 OK in 785ms


Started GET "/assets/goLinksUi.bundle.self-5eab3b85a1e9d462d1e457040e8ff008f3fb1592c476621941a5f687e2ecd9f3.js?body=1" for ::1 at 2017-01-23 17:01:16 -0800


Started GET "/" for ::1 at 2017-01-23 17:03:31 -0800
Processing by GoLinksUiController#index as HTML
  Rendered go_links_ui/index.haml within layouts/application (667.8ms)
Completed 200 OK in 764ms


Started GET "/assets/goLinksUi.bundle.self-71f07cdcaa79d86cecc071cc6aedf1edb27adf8b0ab8dad0c0cbbd203297c2f2.js?body=1" for ::1 at 2017-01-23 17:03:32 -0800


Started GET "/" for ::1 at 2017-01-23 17:03:38 -0800
Processing by GoLinksUiController#index as HTML
  Rendered go_links_ui/index.haml within layouts/application (8.0ms)
Completed 200 OK in 133ms


Started GET "/" for ::1 at 2017-01-23 17:03:56 -0800
Processing by GoLinksUiController#index as HTML
  Rendered go_links_ui/index.haml within layouts/application (656.9ms)
Completed 200 OK in 769ms


Started GET "/assets/goLinksUi.bundle.self-c384ac0f3390dd8c765d86b2a055f76cd369136121222f02172786629114462c.js?body=1" for ::1 at 2017-01-23 17:03:57 -0800


Started GET "/" for ::1 at 2017-01-23 17:04:40 -0800
Processing by GoLinksUiController#index as HTML
  Rendered go_links_ui/index.haml within layouts/application (713.9ms)
Completed 200 OK in 798ms


Started GET "/assets/goLinksUi.bundle.self-483fd3d9ed77d38eddb4fe9876ef4a58b4a6c159f16ef39023e6f96819f73aef.js?body=1" for ::1 at 2017-01-23 17:04:41 -0800


Started GET "/" for ::1 at 2017-01-23 18:21:02 -0800
Processing by GoLinksUiController#index as HTML
  Rendered go_links_ui/index.haml within layouts/application (680.1ms)
Completed 200 OK in 775ms


Started GET "/assets/goLinksUi.bundle.self-093406be0ea85e3f894fd1c556b91e97a7ab8fa3f0ee67ad9eaaebb4e7c7665d.js?body=1" for ::1 at 2017-01-23 18:21:36 -0800


Started GET "/" for ::1 at 2017-01-23 18:23:52 -0800
Processing by GoLinksUiController#index as HTML
  Rendered go_links_ui/index.haml within layouts/application (694.6ms)
Completed 200 OK in 786ms


Started GET "/assets/goLinksUi.bundle.self-c2f5a1fe8ba84cfa43c39015b4b57ba037052c9b2569a7a60631c778fd8af407.js?body=1" for ::1 at 2017-01-23 18:23:53 -0800


Started GET "/" for ::1 at 2017-01-23 18:24:35 -0800
Processing by GoLinksUiController#index as HTML
  Rendered go_links_ui/index.haml within layouts/application (723.3ms)
Completed 200 OK in 817ms


Started GET "/assets/goLinksUi.bundle.self-051e386f4a1b9ad36db01aa9d151f0e69e8879d4f5fc9db0b5018ea320adb371.js?body=1" for ::1 at 2017-01-23 18:24:36 -0800


Started GET "/" for ::1 at 2017-01-23 18:24:44 -0800
Processing by GoLinksUiController#index as HTML
  Rendered go_links_ui/index.haml within layouts/application (5.3ms)
Completed 200 OK in 90ms


Started GET "/assets/custom.self-5afad7e4e53552f14137f8f101e8354ec52c3743f6b0c7b18791cd17f4d124d6.css?body=1" for ::1 at 2017-01-23 18:24:45 -0800


Started GET "/assets/taxonomy_endpoint_list.self-e3b0c44298fc1c149afbf4c8996fb92427ae41e4649b934ca495991b7852b855.css?body=1" for ::1 at 2017-01-23 18:24:45 -0800


Started GET "/assets/application.self-1ca1648f771f28df0dce0bd8533f88f09bb7880cd59ef3844e3444e211a172d8.css?body=1" for ::1 at 2017-01-23 18:24:45 -0800


Started GET "/assets/jquery.self-660adc51e0224b731d29f575a6f1ec167ba08ad06ed5deca4f1e8654c135bf4c.js?body=1" for ::1 at 2017-01-23 18:24:45 -0800


Started GET "/assets/subdomain_routes.self-fc2e90f9852ca21c9a865e4c389714a3c1e8d4b6a6e429d07cd71b2fb3513a53.js?body=1" for ::1 at 2017-01-23 18:24:45 -0800


Started GET "/assets/bootstrap/affix.self-3555752f8a930795ee9e56751a52e6871104ae85d01b3ab8363da3802a5ecc78.js?body=1" for ::1 at 2017-01-23 18:24:45 -0800


Started GET "/assets/bootstrap/alert.self-d8b7bd612b3dcfdefb7b5539b9d5848d66ccbd3e7af8bb8d48bfb3288aaa7be8.js?body=1" for ::1 at 2017-01-23 18:24:46 -0800


Started GET "/assets/bootstrap/button.self-e74d33ba39500940a78d6fa4d2d64f6ca7fd86d60a2149641f7fde7ba711d8a1.js?body=1" for ::1 at 2017-01-23 18:24:46 -0800


Started GET "/assets/bootstrap/carousel.self-35d204878d906298e55bc24553e11fd89b980fc4ffe5792fe36af8c0da289c54.js?body=1" for ::1 at 2017-01-23 18:24:46 -0800


Started GET "/assets/bootstrap/collapse.self-056c40532d9f0f126ec17e839f60c942f573fbd61a086e7f156306e3fc5e8c1f.js?body=1" for ::1 at 2017-01-23 18:24:46 -0800


Started GET "/assets/bootstrap/dropdown.self-e56c2ffee4618411d43ecf15c89273f6223847ad756e1cd17545d04afa732ed4.js?body=1" for ::1 at 2017-01-23 18:24:46 -0800


Started GET "/assets/bootstrap/modal.self-62463080dba6b9d024ff0a3192da0e76eacbc683194f3395047c6f5cfa0acb59.js?body=1" for ::1 at 2017-01-23 18:24:46 -0800


Started GET "/assets/bootstrap/scrollspy.self-52afd90e8ba97d9f08617a13986e8869d6c4a45751c0bff59a6f91241e722aca.js?body=1" for ::1 at 2017-01-23 18:24:47 -0800


Started GET "/assets/bootstrap/tab.self-dad0d5c377f9fae26394484535ebb23ccf68afae084f896af6ea4cdf8c9f6ae0.js?body=1" for ::1 at 2017-01-23 18:24:47 -0800


Started GET "/assets/bootstrap/transition.self-3b268d4cd8c79e46ded7392885f72f64ffb5b0d49948a12b8cf9779f6163e13a.js?body=1" for ::1 at 2017-01-23 18:24:47 -0800


Started GET "/assets/bootstrap/tooltip.self-facdc69246a072acb927ded77ff655f7c27a518b9357fddd45d119fbc8a0ab9f.js?body=1" for ::1 at 2017-01-23 18:24:47 -0800


Started GET "/assets/bootstrap/popover.self-210cff1fb4b72b71a29b5122180cb5937c8145cd13a934dc838280f1d9607a3e.js?body=1" for ::1 at 2017-01-23 18:24:47 -0800


Started GET "/assets/bootstrap-sprockets.self-fbfa5ad7d9aa0afe439ec4ff3883acc4cb92b62cb67c40d674320c9aa1d4642d.js?body=1" for ::1 at 2017-01-23 18:24:47 -0800


Started GET "/assets/application.self-377610cd7c1509e934744c810e3b4cf672dfbcacac3274e7d039827e2ae0fcc7.js?body=1" for ::1 at 2017-01-23 18:24:48 -0800


Started GET "/assets/goLinksUi.bundle.self-051e386f4a1b9ad36db01aa9d151f0e69e8879d4f5fc9db0b5018ea320adb371.js?body=1" for ::1 at 2017-01-23 18:24:48 -0800


Started GET "/" for ::1 at 2017-01-24 10:54:09 -0800
Processing by GoLinksUiController#index as HTML
  Rendered go_links_ui/index.haml within layouts/application (270.2ms)
Warning. Error encountered while saving cache 7859150db618d213ded1eadde30141d6e998152c/_base_styles.sassc: can't dump hash with default proc

WARNING on line 94 of /Users/shnada/Desktop/go/go_links/node_modules/liveramp-ui-toolkit/sass/_ui_progress_meter.sass:
This selector doesn't have any properties and will not be rendered.

WARNING on line 190 of /Users/shnada/Desktop/go/go_links/node_modules/liveramp-ui-toolkit/sass/_ui_table.sass:
This selector doesn't have any properties and will not be rendered.

WARNING on line 197 of /Users/shnada/Desktop/go/go_links/node_modules/liveramp-ui-toolkit/sass/_ui_table.sass:
This selector doesn't have any properties and will not be rendered.

Warning. Error encountered while saving cache 7859150db618d213ded1eadde30141d6e998152c/_base_styles.sassc: can't dump hash with default proc

Warning. Error encountered while saving cache 7859150db618d213ded1eadde30141d6e998152c/_base_styles.sassc: can't dump hash with default proc

Warning. Error encountered while saving cache 7859150db618d213ded1eadde30141d6e998152c/_base_styles.sassc: can't dump hash with default proc

Completed 200 OK in 7273ms


Started GET "/" for ::1 at 2017-01-24 10:55:04 -0800
Processing by GoLinksUiController#index as HTML
  Rendered go_links_ui/index.haml within layouts/application (9.4ms)
Completed 200 OK in 119ms


Started GET "/" for ::1 at 2017-01-24 10:55:15 -0800
Processing by GoLinksUiController#index as HTML
  Rendered go_links_ui/index.haml within layouts/application (765.5ms)
Completed 200 OK in 854ms


Started GET "/assets/goLinksUi.bundle.self-0503c91445532b4ea9b827e6d7cce384873ee38e3f01232b6acbc473099fd784.js?body=1" for ::1 at 2017-01-24 10:55:16 -0800


Started GET "/" for ::1 at 2017-01-24 10:55:35 -0800
Processing by GoLinksUiController#index as HTML
  Rendered go_links_ui/index.haml within layouts/application (54.6ms)
Completed 200 OK in 161ms


Started GET "/" for ::1 at 2017-01-24 10:56:18 -0800
Processing by GoLinksUiController#index as HTML
  Rendered go_links_ui/index.haml within layouts/application (76.8ms)
Completed 200 OK in 176ms


Started GET "/" for ::1 at 2017-01-24 11:03:10 -0800
Processing by GoLinksUiController#index as HTML
  Rendered go_links_ui/index.haml within layouts/application (49.4ms)
Completed 200 OK in 142ms


Started GET "/" for ::1 at 2017-01-24 11:03:19 -0800
Processing by GoLinksUiController#index as HTML
  Rendered go_links_ui/index.haml within layouts/application (4.4ms)
Completed 200 OK in 85ms


Started GET "/" for ::1 at 2017-01-24 11:03:56 -0800
Processing by GoLinksUiController#index as HTML
  Rendered go_links_ui/index.haml within layouts/application (813.1ms)
Completed 200 OK in 916ms


Started GET "/assets/goLinksUi.bundle.self-d111f73e19151234a25e6125f96efec88dc841c706cd0ca1d9dc00cd3d1b86b9.js?body=1" for ::1 at 2017-01-24 11:03:57 -0800


Started GET "/" for ::1 at 2017-01-24 11:04:52 -0800
Processing by GoLinksUiController#index as HTML
  Rendered go_links_ui/index.haml within layouts/application (757.8ms)
Completed 200 OK in 840ms


Started GET "/assets/goLinksUi.bundle.self-598518a9449715c9ebf0f2d5da89a22137e754afe6632050b28056464dac7233.js?body=1" for ::1 at 2017-01-24 11:04:53 -0800


Started GET "/" for ::1 at 2017-01-24 11:05:13 -0800
Processing by GoLinksUiController#index as HTML
  Rendered go_links_ui/index.haml within layouts/application (738.1ms)
Completed 200 OK in 821ms


Started GET "/assets/goLinksUi.bundle.self-2cdae7c0928e9466330eb6aae66fa0cb6c809980adaae18bd30d26af6b785081.js?body=1" for ::1 at 2017-01-24 11:05:14 -0800


Started GET "/" for ::1 at 2017-01-24 11:06:00 -0800
Processing by GoLinksUiController#index as HTML
  Rendered go_links_ui/index.haml within layouts/application (686.6ms)
Completed 200 OK in 770ms


Started GET "/assets/goLinksUi.bundle.self-c6cbc363c91d3d182008e1b5a6735d884d90b86238d33a265a20251638ba32ce.js?body=1" for ::1 at 2017-01-24 11:06:01 -0800


Started GET "/" for ::1 at 2017-01-24 11:06:22 -0800
Processing by GoLinksUiController#index as HTML
  Rendered go_links_ui/index.haml within layouts/application (676.2ms)
Completed 200 OK in 760ms


Started GET "/assets/goLinksUi.bundle.self-9bd633d8c215cec81d161e2068f81e1d093626083708c0f364fef1bd3fead11c.js?body=1" for ::1 at 2017-01-24 11:06:23 -0800


Started GET "/" for ::1 at 2017-01-24 11:06:41 -0800
Processing by GoLinksUiController#index as HTML
  Rendered go_links_ui/index.haml within layouts/application (737.1ms)
Completed 200 OK in 831ms


Started GET "/assets/goLinksUi.bundle.self-6831c683ce1351c0238ad2041743c38e51901a2b39aba04a1963717ecf0c96d4.js?body=1" for ::1 at 2017-01-24 11:06:42 -0800


Started GET "/" for ::1 at 2017-01-24 11:19:54 -0800
Processing by GoLinksUiController#index as HTML
  Rendered go_links_ui/index.haml within layouts/application (16.1ms)
Completed 200 OK in 107ms


Started GET "/" for ::1 at 2017-01-24 11:20:32 -0800
Processing by GoLinksUiController#index as HTML
  Rendered go_links_ui/index.haml within layouts/application (682.0ms)
Completed 200 OK in 775ms


Started GET "/assets/goLinksUi.bundle.self-cb190b280e753fbd6eaac25b0d29a42de4baf83764ca7458d68f9cffedcd3634.js?body=1" for ::1 at 2017-01-24 11:20:33 -0800


Started GET "/" for ::1 at 2017-01-24 11:21:06 -0800
Processing by GoLinksUiController#index as HTML
  Rendered go_links_ui/index.haml within layouts/application (5.6ms)
Completed 200 OK in 105ms


Started GET "/" for ::1 at 2017-01-24 11:21:12 -0800
Processing by GoLinksUiController#index as HTML
  Rendered go_links_ui/index.haml within layouts/application (695.3ms)
Completed 200 OK in 780ms


Started GET "/assets/goLinksUi.bundle.self-d0d77d0c95e2d71a3def29de785f25792a7eb523ae2cc6ed49932a8b9b7cc4fc.js?body=1" for ::1 at 2017-01-24 11:21:13 -0800


Started GET "/" for ::1 at 2017-01-24 11:21:31 -0800
Processing by GoLinksUiController#index as HTML
  Rendered go_links_ui/index.haml within layouts/application (6.0ms)
Completed 200 OK in 100ms


Started GET "/" for ::1 at 2017-01-24 11:21:34 -0800
Processing by GoLinksUiController#index as HTML
  Rendered go_links_ui/index.haml within layouts/application (697.5ms)
Completed 200 OK in 778ms


Started GET "/assets/goLinksUi.bundle.self-6ff98f34dc0f677dcae165d5a2da678ee4f8bee59c86039b0edeea6f3eeb7fd7.js?body=1" for ::1 at 2017-01-24 11:21:35 -0800


Started GET "/" for ::1 at 2017-01-24 11:27:48 -0800
Processing by GoLinksUiController#index as HTML
  Rendered go_links_ui/index.haml within layouts/application (785.9ms)
Completed 200 OK in 868ms


Started GET "/assets/goLinksUi.bundle.self-411e4501f4a4484570079749217b5ba62f02bfc1862934a88e46ba7b4f3a75e5.js?body=1" for ::1 at 2017-01-24 11:27:49 -0800


Started GET "/" for ::1 at 2017-01-24 11:28:06 -0800
Processing by GoLinksUiController#index as HTML
  Rendered go_links_ui/index.haml within layouts/application (678.2ms)
Completed 200 OK in 767ms


Started GET "/assets/goLinksUi.bundle.self-4ce0fe86c810aa0f72497447a0e5a2ed74055c12a104d32cb6da797d91bc1ab4.js?body=1" for ::1 at 2017-01-24 11:28:07 -0800


Started GET "/" for ::1 at 2017-01-24 11:28:15 -0800
Processing by GoLinksUiController#index as HTML
  Rendered go_links_ui/index.haml within layouts/application (688.1ms)
Completed 200 OK in 772ms


Started GET "/assets/goLinksUi.bundle.self-e00356c1815b07c6c55ba559a1b90fc12a6f77d605c85bd973534028209d1c03.js?body=1" for ::1 at 2017-01-24 11:28:16 -0800


Started GET "/" for ::1 at 2017-01-24 11:28:29 -0800
Processing by GoLinksUiController#index as HTML
  Rendered go_links_ui/index.haml within layouts/application (698.2ms)
Completed 200 OK in 785ms


Started GET "/assets/goLinksUi.bundle.self-c990849ae6f0013c4a92a9d2b6f5f6c40aa681ccd703be3867c50d475d008c8d.js?body=1" for ::1 at 2017-01-24 11:28:30 -0800


Started GET "/" for ::1 at 2017-01-24 11:32:48 -0800
Processing by GoLinksUiController#index as HTML
  Rendered go_links_ui/index.haml within layouts/application (722.2ms)
Completed 200 OK in 805ms


Started GET "/assets/goLinksUi.bundle.self-b1485495d933fb04efd4d1539cab40a8562af20526355950f601d4dcb58ecd6c.js?body=1" for ::1 at 2017-01-24 11:32:49 -0800


Started GET "/" for ::1 at 2017-01-24 11:40:18 -0800
Processing by GoLinksUiController#index as HTML
  Rendered go_links_ui/index.haml within layouts/application (679.6ms)
Completed 200 OK in 762ms


Started GET "/assets/goLinksUi.bundle.self-b4a2f261dbb6882389028f885d5f181188dd5f2f571577bfac0ec5a75217dd42.js?body=1" for ::1 at 2017-01-24 11:40:19 -0800


Started GET "/" for ::1 at 2017-01-24 11:40:42 -0800
Processing by GoLinksUiController#index as HTML
  Rendered go_links_ui/index.haml within layouts/application (665.9ms)
Completed 200 OK in 756ms


Started GET "/assets/goLinksUi.bundle.self-309bcc07e9b34b1c947d04216b3c0f6a9087b9cafa84fb32b348de3cd2f2da0f.js?body=1" for ::1 at 2017-01-24 11:40:43 -0800


Started GET "/" for ::1 at 2017-01-24 11:40:56 -0800
Processing by GoLinksUiController#index as HTML
  Rendered go_links_ui/index.haml within layouts/application (674.6ms)
Completed 200 OK in 758ms


Started GET "/assets/goLinksUi.bundle.self-baac510482cba7ea74a8dc6dde3a5508e54c4af2f83d297e0fc3e9fc02ceaee9.js?body=1" for ::1 at 2017-01-24 11:40:57 -0800


Started GET "/" for ::1 at 2017-01-24 11:42:58 -0800
Processing by GoLinksUiController#index as HTML
  Rendered go_links_ui/index.haml within layouts/application (665.7ms)
Completed 200 OK in 771ms


Started GET "/assets/goLinksUi.bundle.self-6ad0b9dde387e1b587d260c8a4d4b174b82f28672d8158222699e0bbe843a297.js?body=1" for ::1 at 2017-01-24 11:42:59 -0800


Started GET "/" for ::1 at 2017-01-24 11:45:00 -0800
Processing by GoLinksUiController#index as HTML
  Rendered go_links_ui/index.haml within layouts/application (13.7ms)
Completed 200 OK in 88ms


Started GET "/" for ::1 at 2017-01-24 11:45:09 -0800
Processing by GoLinksUiController#index as HTML
  Rendered go_links_ui/index.haml within layouts/application (687.0ms)
Completed 200 OK in 784ms


Started GET "/assets/goLinksUi.bundle.self-4cdb1ad4fdae62995cae567101f26fbb64bbbcf8b10a47b5c88c551c7fa00949.js?body=1" for ::1 at 2017-01-24 11:45:10 -0800


Started GET "/" for ::1 at 2017-01-24 11:49:09 -0800
Processing by GoLinksUiController#index as HTML
  Rendered go_links_ui/index.haml within layouts/application (14.9ms)
Completed 200 OK in 89ms


Started GET "/" for ::1 at 2017-01-24 11:50:04 -0800
Processing by GoLinksUiController#index as HTML
  Rendered go_links_ui/index.haml within layouts/application (673.3ms)
Completed 200 OK in 758ms


Started GET "/assets/goLinksUi.bundle.self-b5ef5b7c26263392a400672706216f99d4e5f13da4cc2ed7fdf6b27f75a83e9e.js?body=1" for ::1 at 2017-01-24 11:50:05 -0800


Started GET "/" for ::1 at 2017-01-24 11:50:51 -0800
Processing by GoLinksUiController#index as HTML
  Rendered go_links_ui/index.haml within layouts/application (741.8ms)
Completed 200 OK in 821ms


Started GET "/assets/goLinksUi.bundle.self-26d2ebbfa8b623ba7fee7cff830c7f8417aabc443ec281ac53629cece13526d5.js?body=1" for ::1 at 2017-01-24 11:50:52 -0800


Started GET "/" for ::1 at 2017-01-24 11:51:18 -0800
Processing by GoLinksUiController#index as HTML
  Rendered go_links_ui/index.haml within layouts/application (660.5ms)
Completed 200 OK in 738ms


Started GET "/assets/goLinksUi.bundle.self-0000e10b416302d7cb7c6cfc7c3acc9e2071e9029b1ca80cef55c23756b49247.js?body=1" for ::1 at 2017-01-24 11:51:19 -0800


Started GET "/" for ::1 at 2017-01-24 11:51:36 -0800
Processing by GoLinksUiController#index as HTML
  Rendered go_links_ui/index.haml within layouts/application (682.0ms)
Completed 200 OK in 767ms


Started GET "/assets/goLinksUi.bundle.self-598d5518af5e18e5da1f764675f23474db9808058da6d4f7ab20e1b290d8293c.js?body=1" for ::1 at 2017-01-24 11:51:37 -0800


Started GET "/" for ::1 at 2017-01-24 11:51:58 -0800
Processing by GoLinksUiController#index as HTML
  Rendered go_links_ui/index.haml within layouts/application (671.8ms)
Completed 200 OK in 772ms


Started GET "/assets/goLinksUi.bundle.self-72ad5773e474cc6d5283fd0a974c9a9cd901e0c708438e05a70324e1a4cff1c5.js?body=1" for ::1 at 2017-01-24 11:51:59 -0800


Started GET "/" for ::1 at 2017-01-24 12:09:11 -0800
Processing by GoLinksUiController#index as HTML
  Rendered go_links_ui/index.haml within layouts/application (249.6ms)
Warning. Error encountered while saving cache 7859150db618d213ded1eadde30141d6e998152c/_base_styles.sassc: can't dump hash with default proc

WARNING on line 94 of /Users/shnada/Desktop/go/go_links/node_modules/liveramp-ui-toolkit/sass/_ui_progress_meter.sass:
This selector doesn't have any properties and will not be rendered.

WARNING on line 190 of /Users/shnada/Desktop/go/go_links/node_modules/liveramp-ui-toolkit/sass/_ui_table.sass:
This selector doesn't have any properties and will not be rendered.

WARNING on line 197 of /Users/shnada/Desktop/go/go_links/node_modules/liveramp-ui-toolkit/sass/_ui_table.sass:
This selector doesn't have any properties and will not be rendered.

Warning. Error encountered while saving cache 7859150db618d213ded1eadde30141d6e998152c/_base_styles.sassc: can't dump hash with default proc

Warning. Error encountered while saving cache 7859150db618d213ded1eadde30141d6e998152c/_base_styles.sassc: can't dump hash with default proc

Warning. Error encountered while saving cache 7859150db618d213ded1eadde30141d6e998152c/_base_styles.sassc: can't dump hash with default proc

Completed 200 OK in 7018ms


Started GET "/assets/custom.self-5afad7e4e53552f14137f8f101e8354ec52c3743f6b0c7b18791cd17f4d124d6.css?body=1" for ::1 at 2017-01-24 12:09:19 -0800


Started GET "/assets/jquery.self-660adc51e0224b731d29f575a6f1ec167ba08ad06ed5deca4f1e8654c135bf4c.js?body=1" for ::1 at 2017-01-24 12:09:19 -0800


Started GET "/assets/subdomain_routes.self-fc2e90f9852ca21c9a865e4c389714a3c1e8d4b6a6e429d07cd71b2fb3513a53.js?body=1" for ::1 at 2017-01-24 12:09:19 -0800


Started GET "/assets/application.self-1ca1648f771f28df0dce0bd8533f88f09bb7880cd59ef3844e3444e211a172d8.css?body=1" for ::1 at 2017-01-24 12:09:19 -0800


Started GET "/assets/taxonomy_endpoint_list.self-e3b0c44298fc1c149afbf4c8996fb92427ae41e4649b934ca495991b7852b855.css?body=1" for ::1 at 2017-01-24 12:09:19 -0800


Started GET "/assets/bootstrap/affix.self-3555752f8a930795ee9e56751a52e6871104ae85d01b3ab8363da3802a5ecc78.js?body=1" for ::1 at 2017-01-24 12:09:20 -0800


Started GET "/assets/bootstrap/alert.self-d8b7bd612b3dcfdefb7b5539b9d5848d66ccbd3e7af8bb8d48bfb3288aaa7be8.js?body=1" for ::1 at 2017-01-24 12:09:20 -0800


Started GET "/assets/bootstrap/button.self-e74d33ba39500940a78d6fa4d2d64f6ca7fd86d60a2149641f7fde7ba711d8a1.js?body=1" for ::1 at 2017-01-24 12:09:20 -0800


Started GET "/assets/bootstrap/carousel.self-35d204878d906298e55bc24553e11fd89b980fc4ffe5792fe36af8c0da289c54.js?body=1" for ::1 at 2017-01-24 12:09:20 -0800


Started GET "/assets/bootstrap/collapse.self-056c40532d9f0f126ec17e839f60c942f573fbd61a086e7f156306e3fc5e8c1f.js?body=1" for ::1 at 2017-01-24 12:09:20 -0800


Started GET "/assets/bootstrap/dropdown.self-e56c2ffee4618411d43ecf15c89273f6223847ad756e1cd17545d04afa732ed4.js?body=1" for ::1 at 2017-01-24 12:09:20 -0800


Started GET "/assets/bootstrap/modal.self-62463080dba6b9d024ff0a3192da0e76eacbc683194f3395047c6f5cfa0acb59.js?body=1" for ::1 at 2017-01-24 12:09:20 -0800


Started GET "/assets/bootstrap/scrollspy.self-52afd90e8ba97d9f08617a13986e8869d6c4a45751c0bff59a6f91241e722aca.js?body=1" for ::1 at 2017-01-24 12:09:21 -0800


Started GET "/assets/bootstrap/tab.self-dad0d5c377f9fae26394484535ebb23ccf68afae084f896af6ea4cdf8c9f6ae0.js?body=1" for ::1 at 2017-01-24 12:09:21 -0800


Started GET "/assets/bootstrap/transition.self-3b268d4cd8c79e46ded7392885f72f64ffb5b0d49948a12b8cf9779f6163e13a.js?body=1" for ::1 at 2017-01-24 12:09:21 -0800


Started GET "/assets/bootstrap/tooltip.self-facdc69246a072acb927ded77ff655f7c27a518b9357fddd45d119fbc8a0ab9f.js?body=1" for ::1 at 2017-01-24 12:09:21 -0800


Started GET "/assets/bootstrap/popover.self-210cff1fb4b72b71a29b5122180cb5937c8145cd13a934dc838280f1d9607a3e.js?body=1" for ::1 at 2017-01-24 12:09:21 -0800


Started GET "/assets/bootstrap-sprockets.self-fbfa5ad7d9aa0afe439ec4ff3883acc4cb92b62cb67c40d674320c9aa1d4642d.js?body=1" for ::1 at 2017-01-24 12:09:21 -0800


Started GET "/assets/application.self-377610cd7c1509e934744c810e3b4cf672dfbcacac3274e7d039827e2ae0fcc7.js?body=1" for ::1 at 2017-01-24 12:09:22 -0800


Started GET "/assets/goLinksUi.bundle.self-72ad5773e474cc6d5283fd0a974c9a9cd901e0c708438e05a70324e1a4cff1c5.js?body=1" for ::1 at 2017-01-24 12:09:22 -0800


Started GET "/" for ::1 at 2017-01-24 12:10:29 -0800
Processing by GoLinksUiController#index as HTML
  Rendered go_links_ui/index.haml within layouts/application (680.7ms)
Completed 200 OK in 777ms


Started GET "/assets/goLinksUi.bundle.self-cb4623e6ce020254533ab3ea40a5c2ef117f56a99aace819ec46ee72f4562fa9.js?body=1" for ::1 at 2017-01-24 12:10:30 -0800


Started GET "/" for ::1 at 2017-01-24 12:12:33 -0800
Processing by GoLinksUiController#index as HTML
  Rendered go_links_ui/index.haml within layouts/application (702.8ms)
Completed 200 OK in 798ms


Started GET "/assets/goLinksUi.bundle.self-6be113a90c936fc786ce904a967df8c454514a0585ea2bcd08b5c366391717ac.js?body=1" for ::1 at 2017-01-24 12:12:34 -0800


Started GET "/" for ::1 at 2017-01-24 12:12:42 -0800
Processing by GoLinksUiController#index as HTML
  Rendered go_links_ui/index.haml within layouts/application (15.8ms)
Completed 200 OK in 85ms


Started GET "/" for ::1 at 2017-01-24 12:13:54 -0800
Processing by GoLinksUiController#index as HTML
  Rendered go_links_ui/index.haml within layouts/application (664.5ms)
Completed 200 OK in 772ms


Started GET "/assets/goLinksUi.bundle.self-219bbdc59910dcacf556699a84dbf9a529bda65baca7dcfb249d34a36c23069a.js?body=1" for ::1 at 2017-01-24 12:13:55 -0800


Started GET "/" for ::1 at 2017-01-24 12:15:46 -0800
Processing by GoLinksUiController#index as HTML
  Rendered go_links_ui/index.haml within layouts/application (690.0ms)
Completed 200 OK in 789ms


Started GET "/assets/goLinksUi.bundle.self-cd0be5e82ca5f2ed2789969df5b941626ca7ece190a3d9bb755d55b9542f3d72.js?body=1" for ::1 at 2017-01-24 12:15:47 -0800


Started GET "/" for ::1 at 2017-01-24 12:57:11 -0800
Processing by GoLinksUiController#index as HTML
  Rendered go_links_ui/index.haml within layouts/application (5.7ms)
Completed 200 OK in 115ms


Started GET "/" for ::1 at 2017-01-24 12:57:40 -0800
Processing by GoLinksUiController#index as HTML
  Rendered go_links_ui/index.haml within layouts/application (5.6ms)
Completed 200 OK in 116ms


Started GET "/" for ::1 at 2017-01-24 12:57:46 -0800
Processing by GoLinksUiController#index as HTML
  Rendered go_links_ui/index.haml within layouts/application (672.0ms)
Completed 200 OK in 780ms


Started GET "/assets/goLinksUi.bundle.self-a1ddca766cc16263421ef5848ed08f79cf8a3fd2ebe1c1eae8b356c6cf3ae456.js?body=1" for ::1 at 2017-01-24 12:57:47 -0800


Started GET "/" for ::1 at 2017-01-24 12:57:58 -0800
Processing by GoLinksUiController#index as HTML
  Rendered go_links_ui/index.haml within layouts/application (725.6ms)
Completed 200 OK in 800ms


Started GET "/assets/goLinksUi.bundle.self-714535dcf0388069cbd53fc60530dd7fbc55753f811023990fe98df42b6e3c67.js?body=1" for ::1 at 2017-01-24 12:57:59 -0800


Started GET "/" for ::1 at 2017-01-24 12:58:15 -0800
Processing by GoLinksUiController#index as HTML
  Rendered go_links_ui/index.haml within layouts/application (649.6ms)
Completed 200 OK in 741ms


Started GET "/assets/goLinksUi.bundle.self-0a6861d504f0c9dec9e60a2f9722137896c0ebf6b67faed07c4c21a2185122e3.js?body=1" for ::1 at 2017-01-24 12:58:16 -0800


Started GET "/" for ::1 at 2017-01-24 12:58:41 -0800
Processing by GoLinksUiController#index as HTML
  Rendered go_links_ui/index.haml within layouts/application (701.4ms)
Completed 200 OK in 781ms


Started GET "/assets/goLinksUi.bundle.self-70b6a027a770620ee2362cd099e71719556a51b8aa4f0cd535200613579d3434.js?body=1" for ::1 at 2017-01-24 12:58:42 -0800


Started GET "/" for ::1 at 2017-01-24 13:01:12 -0800
Processing by GoLinksUiController#index as HTML
  Rendered go_links_ui/index.haml within layouts/application (5.2ms)
Completed 200 OK in 103ms


Started GET "/" for ::1 at 2017-01-24 13:01:14 -0800
Processing by GoLinksUiController#index as HTML
  Rendered go_links_ui/index.haml within layouts/application (763.3ms)
Completed 200 OK in 836ms


Started GET "/assets/goLinksUi.bundle.self-91e280bddd1c7fb851d2c76ba1cd152cc3b22b0e99044eb192f4a36455de89de.js?body=1" for ::1 at 2017-01-24 13:01:15 -0800


Started GET "/" for ::1 at 2017-01-24 13:01:44 -0800
Processing by GoLinksUiController#index as HTML
  Rendered go_links_ui/index.haml within layouts/application (670.8ms)
Completed 200 OK in 750ms


Started GET "/assets/goLinksUi.bundle.self-dccd8ab49debec635c6483520a954b029cb044f436911fef7f4a3a8b202219f9.js?body=1" for ::1 at 2017-01-24 13:01:45 -0800


Started GET "/" for ::1 at 2017-01-24 13:01:53 -0800
Processing by GoLinksUiController#index as HTML
  Rendered go_links_ui/index.haml within layouts/application (653.9ms)
Completed 200 OK in 726ms


Started GET "/assets/goLinksUi.bundle.self-c7feaa0799e9739f8da85c863be9ce88016cf163286598872eee0e519f3a9328.js?body=1" for ::1 at 2017-01-24 13:01:54 -0800


Started GET "/" for ::1 at 2017-01-24 13:02:06 -0800
Processing by GoLinksUiController#index as HTML
  Rendered go_links_ui/index.haml within layouts/application (659.8ms)
Completed 200 OK in 737ms


Started GET "/assets/goLinksUi.bundle.self-27398ad86715008c0df9a578427758a36ffa36c802ca71704d6577d4e2b5cdb3.js?body=1" for ::1 at 2017-01-24 13:02:06 -0800


Started GET "/" for ::1 at 2017-01-24 13:05:09 -0800
Processing by GoLinksUiController#index as HTML
  Rendered go_links_ui/index.haml within layouts/application (761.8ms)
Completed 200 OK in 838ms


Started GET "/assets/goLinksUi.bundle.self-71f07cdcaa79d86cecc071cc6aedf1edb27adf8b0ab8dad0c0cbbd203297c2f2.js?body=1" for ::1 at 2017-01-24 13:05:10 -0800


Started GET "/" for ::1 at 2017-01-24 13:05:57 -0800
Processing by GoLinksUiController#index as HTML
  Rendered go_links_ui/index.haml within layouts/application (669.2ms)
Completed 200 OK in 753ms


Started GET "/assets/goLinksUi.bundle.self-f43157b11e6bd2762faf806beb036e3440ebf46b4cc7e3b331638ba6242f0c5f.js?body=1" for ::1 at 2017-01-24 13:05:57 -0800


Started GET "/" for ::1 at 2017-01-24 13:06:42 -0800
Processing by GoLinksUiController#index as HTML
  Rendered go_links_ui/index.haml within layouts/application (683.9ms)
Completed 200 OK in 761ms


Started GET "/assets/goLinksUi.bundle.self-1db4fe79431b9c3b587e4820f0ba3dd5df59f7c4f00f00d9deeb25a605a260a0.js?body=1" for ::1 at 2017-01-24 13:06:43 -0800


Started GET "/" for ::1 at 2017-01-24 13:08:04 -0800
Processing by GoLinksUiController#index as HTML
  Rendered go_links_ui/index.haml within layouts/application (693.2ms)
Completed 200 OK in 766ms


Started GET "/assets/goLinksUi.bundle.self-1917ba18188b9fe829c3307dbc2c7463d9bd3f41dde40757c56237bdfe6db3ad.js?body=1" for ::1 at 2017-01-24 13:08:05 -0800


Started GET "/" for ::1 at 2017-01-24 13:08:20 -0800
Processing by GoLinksUiController#index as HTML
  Rendered go_links_ui/index.haml within layouts/application (764.0ms)
Completed 200 OK in 844ms


Started GET "/assets/goLinksUi.bundle.self-8d84be50b85eff45ba11770d8cc11bf43372c5bd247244f251f76346ae60d0bc.js?body=1" for ::1 at 2017-01-24 13:08:21 -0800


Started GET "/" for ::1 at 2017-01-24 13:08:32 -0800
Processing by GoLinksUiController#index as HTML
  Rendered go_links_ui/index.haml within layouts/application (677.5ms)
Completed 200 OK in 761ms


Started GET "/assets/goLinksUi.bundle.self-ac414fc315e91901e1390bfa8a8118a6200e0e4770df20e577dce0690edf63ae.js?body=1" for ::1 at 2017-01-24 13:08:33 -0800


Started GET "/" for ::1 at 2017-01-24 13:11:23 -0800
Processing by GoLinksUiController#index as HTML
  Rendered go_links_ui/index.haml within layouts/application (686.6ms)
Completed 200 OK in 773ms


Started GET "/assets/goLinksUi.bundle.self-6db37e9211a04226d2e403945e728f2dd010d6c9c815e6497480095e1841f84c.js?body=1" for ::1 at 2017-01-24 13:11:24 -0800


Started GET "/" for ::1 at 2017-01-24 13:11:43 -0800
Processing by GoLinksUiController#index as HTML
  Rendered go_links_ui/index.haml within layouts/application (13.5ms)
Completed 200 OK in 85ms


Started GET "/" for ::1 at 2017-01-24 13:11:49 -0800
Processing by GoLinksUiController#index as HTML
  Rendered go_links_ui/index.haml within layouts/application (3.6ms)
Completed 200 OK in 74ms


Started GET "/" for ::1 at 2017-01-24 13:11:55 -0800
Processing by GoLinksUiController#index as HTML
  Rendered go_links_ui/index.haml within layouts/application (704.6ms)
Completed 200 OK in 795ms


Started GET "/assets/goLinksUi.bundle.self-bfddba43ed1f9664c8ad97f652f21f49ada3c28048664faa3d912d2e9e4b65b1.js?body=1" for ::1 at 2017-01-24 13:11:56 -0800


Started GET "/" for ::1 at 2017-01-24 13:13:35 -0800
Processing by GoLinksUiController#index as HTML
  Rendered go_links_ui/index.haml within layouts/application (701.9ms)
Completed 200 OK in 783ms


Started GET "/assets/goLinksUi.bundle.self-6968e314f3910e2c33cac80ddeb86d4583513fe5ac77742c50f7775733e1a3fd.js?body=1" for ::1 at 2017-01-24 13:13:36 -0800


Started GET "/" for ::1 at 2017-01-24 13:13:53 -0800
Processing by GoLinksUiController#index as HTML
  Rendered go_links_ui/index.haml within layouts/application (747.8ms)
Completed 200 OK in 822ms


Started GET "/assets/goLinksUi.bundle.self-187149dd85070576fead151e804b59afb660e692ef710f3c5bf89dad789564b3.js?body=1" for ::1 at 2017-01-24 13:13:54 -0800


Started GET "/" for ::1 at 2017-01-24 13:14:20 -0800
Processing by GoLinksUiController#index as HTML
  Rendered go_links_ui/index.haml within layouts/application (15.1ms)
Completed 200 OK in 104ms


Started GET "/" for ::1 at 2017-01-24 13:14:42 -0800
Processing by GoLinksUiController#index as HTML
  Rendered go_links_ui/index.haml within layouts/application (6.4ms)
Completed 200 OK in 99ms


Started GET "/" for ::1 at 2017-01-24 13:14:48 -0800
Processing by GoLinksUiController#index as HTML
  Rendered go_links_ui/index.haml within layouts/application (5.1ms)
Completed 200 OK in 84ms


Started GET "/" for ::1 at 2017-01-24 13:15:01 -0800
Processing by GoLinksUiController#index as HTML
  Rendered go_links_ui/index.haml within layouts/application (645.7ms)
Completed 200 OK in 734ms


Started GET "/assets/goLinksUi.bundle.self-bfed61a0e13433f2ddee1a6e8d134269656051da10d7ef879a526f2b9948cfe2.js?body=1" for ::1 at 2017-01-24 13:15:02 -0800


Started GET "/" for ::1 at 2017-01-24 13:15:27 -0800
Processing by GoLinksUiController#index as HTML
  Rendered go_links_ui/index.haml within layouts/application (670.3ms)
Completed 200 OK in 761ms


Started GET "/assets/goLinksUi.bundle.self-e8d8396a9d97b05bc8fa35296b896582b3132886ceca9bf55b2dcb5c3359a575.js?body=1" for ::1 at 2017-01-24 13:15:28 -0800


Started GET "/" for ::1 at 2017-01-24 13:18:11 -0800
Processing by GoLinksUiController#index as HTML
  Rendered go_links_ui/index.haml within layouts/application (657.0ms)
Completed 200 OK in 746ms


Started GET "/assets/goLinksUi.bundle.self-e59f64c3d1d19c2f75ef1a8af306ba74bc53892a6a0de53b48a5d6429a5044a1.js?body=1" for ::1 at 2017-01-24 13:18:11 -0800


Started GET "/" for ::1 at 2017-01-24 13:18:52 -0800
Processing by GoLinksUiController#index as HTML
  Rendered go_links_ui/index.haml within layouts/application (671.3ms)
Completed 200 OK in 763ms


Started GET "/assets/goLinksUi.bundle.self-6beef96fe47b5f41635c50bee2346047089d7729d22a2136da9ae24b1c86e5b2.js?body=1" for ::1 at 2017-01-24 13:18:53 -0800


Started GET "/" for ::1 at 2017-01-24 13:19:14 -0800
Processing by GoLinksUiController#index as HTML
  Rendered go_links_ui/index.haml within layouts/application (663.2ms)
Completed 200 OK in 756ms


Started GET "/assets/goLinksUi.bundle.self-27fba008158c601277d911aa0f78f0d2a19198ebbe6092c288c1bddceb813ead.js?body=1" for ::1 at 2017-01-24 13:19:15 -0800


Started GET "/" for ::1 at 2017-01-24 13:21:56 -0800
Processing by GoLinksUiController#index as HTML
  Rendered go_links_ui/index.haml within layouts/application (669.8ms)
Completed 200 OK in 758ms


Started GET "/assets/goLinksUi.bundle.self-7f75a3a48870e9a82c5506b06dd379085f441c2f45d713c150d88c408eb4367a.js?body=1" for ::1 at 2017-01-24 13:21:57 -0800


Started GET "/" for ::1 at 2017-01-24 13:22:26 -0800
Processing by GoLinksUiController#index as HTML
  Rendered go_links_ui/index.haml within layouts/application (674.2ms)
Completed 200 OK in 767ms


Started GET "/assets/goLinksUi.bundle.self-578fe81a355eada73a5050d1b3525b55f0f1d903192e886d9d62e9410e89be00.js?body=1" for ::1 at 2017-01-24 13:22:27 -0800


Started GET "/" for ::1 at 2017-01-24 13:24:10 -0800
Processing by GoLinksUiController#index as HTML
  Rendered go_links_ui/index.haml within layouts/application (655.1ms)
Completed 200 OK in 836ms


Started GET "/assets/goLinksUi.bundle.self-767ce7c5dd1a00cef500523ea391e5ab763a05fff02a884dfe4f0a452b8dfc7f.js?body=1" for ::1 at 2017-01-24 13:24:11 -0800


Started GET "/" for ::1 at 2017-01-24 13:24:23 -0800
Processing by GoLinksUiController#index as HTML
  Rendered go_links_ui/index.haml within layouts/application (672.8ms)
Completed 200 OK in 755ms


Started GET "/assets/goLinksUi.bundle.self-9882297317ac1dcee15f41d1be8d4b211b8a50553d2023869897df6cb1ffe02a.js?body=1" for ::1 at 2017-01-24 13:24:24 -0800


Started GET "/" for ::1 at 2017-01-24 13:24:34 -0800
Processing by GoLinksUiController#index as HTML
  Rendered go_links_ui/index.haml within layouts/application (15.1ms)
Completed 200 OK in 84ms


Started GET "/" for ::1 at 2017-01-24 13:24:44 -0800
Processing by GoLinksUiController#index as HTML
  Rendered go_links_ui/index.haml within layouts/application (14.2ms)
Completed 200 OK in 110ms


Started GET "/" for ::1 at 2017-01-24 13:25:06 -0800
Processing by GoLinksUiController#index as HTML
  Rendered go_links_ui/index.haml within layouts/application (667.9ms)
Completed 200 OK in 753ms


Started GET "/assets/goLinksUi.bundle.self-96a0050d723a3e640fe018631cf6126f1c4c0713b8e4ed4608c5402eb9579efa.js?body=1" for ::1 at 2017-01-24 13:25:07 -0800


Started GET "/" for ::1 at 2017-01-24 13:28:32 -0800
Processing by GoLinksUiController#index as HTML
  Rendered go_links_ui/index.haml within layouts/application (14.0ms)
Completed 200 OK in 87ms


Started GET "/" for ::1 at 2017-01-24 13:28:44 -0800
Processing by GoLinksUiController#index as HTML
  Rendered go_links_ui/index.haml within layouts/application (3.7ms)
Completed 200 OK in 76ms


Started GET "/" for ::1 at 2017-01-24 13:28:54 -0800
Processing by GoLinksUiController#index as HTML
  Rendered go_links_ui/index.haml within layouts/application (716.4ms)
Completed 200 OK in 797ms


Started GET "/assets/goLinksUi.bundle.self-2a95a496fa84ef79dc6b0655c92f6c93970d66db32b540b6653ea699b7b01eae.js?body=1" for ::1 at 2017-01-24 13:28:55 -0800


Started GET "/" for ::1 at 2017-01-24 13:29:03 -0800
Processing by GoLinksUiController#index as HTML
  Rendered go_links_ui/index.haml within layouts/application (672.7ms)
Completed 200 OK in 746ms


Started GET "/assets/goLinksUi.bundle.self-9dd913bc783e9576827ca93a33df5815c374dfbb546ada0fe1f188da5fa37e2c.js?body=1" for ::1 at 2017-01-24 13:29:04 -0800


Started GET "/" for ::1 at 2017-01-24 13:29:25 -0800
Processing by GoLinksUiController#index as HTML
  Rendered go_links_ui/index.haml within layouts/application (671.3ms)
Completed 200 OK in 756ms


Started GET "/assets/goLinksUi.bundle.self-ab3a625e0e8a5709cf5a76f5753231151eac2f400ebc7d1fea05b8dac39fafd8.js?body=1" for ::1 at 2017-01-24 13:29:26 -0800


Started GET "/" for ::1 at 2017-01-24 13:39:20 -0800
Processing by GoLinksUiController#index as HTML
  Rendered go_links_ui/index.haml within layouts/application (673.8ms)
Completed 200 OK in 769ms


Started GET "/assets/goLinksUi.bundle.self-ff9517f2db5c0bbb4983f3c4d66f58f9e4bc5bab9fd42b6369441736f6728706.js?body=1" for ::1 at 2017-01-24 13:39:21 -0800


Started GET "/" for ::1 at 2017-01-24 13:39:31 -0800
Processing by GoLinksUiController#index as HTML
  Rendered go_links_ui/index.haml within layouts/application (662.1ms)
Completed 200 OK in 758ms


Started GET "/assets/goLinksUi.bundle.self-c3d67ae8a265e0b93f0f8ac24ea3a7228cdf829c187b842bab8c58bfe196f28a.js?body=1" for ::1 at 2017-01-24 13:39:32 -0800


Started GET "/" for ::1 at 2017-01-24 13:40:02 -0800
Processing by GoLinksUiController#index as HTML
  Rendered go_links_ui/index.haml within layouts/application (669.0ms)
Completed 200 OK in 752ms


Started GET "/assets/goLinksUi.bundle.self-5e5f09dc0078d2ee92952e36f5537c7d6ec9a7821ae9d4fefb4d5986e446d298.js?body=1" for ::1 at 2017-01-24 13:40:03 -0800


Started GET "/" for ::1 at 2017-01-24 13:40:17 -0800
Processing by GoLinksUiController#index as HTML
  Rendered go_links_ui/index.haml within layouts/application (679.2ms)
Completed 200 OK in 768ms


Started GET "/assets/goLinksUi.bundle.self-57548ce5b98b8e20166981e05e8c49315894c63b559ddd3be1d8a8dda02031fa.js?body=1" for ::1 at 2017-01-24 13:40:18 -0800


Started GET "/" for ::1 at 2017-01-24 13:40:33 -0800
Processing by GoLinksUiController#index as HTML
  Rendered go_links_ui/index.haml within layouts/application (4.2ms)
Completed 200 OK in 88ms


Started GET "/" for ::1 at 2017-01-24 13:40:39 -0800
Processing by GoLinksUiController#index as HTML
  Rendered go_links_ui/index.haml within layouts/application (717.6ms)
Completed 200 OK in 795ms


Started GET "/assets/goLinksUi.bundle.self-734bb9fab7fe3953577aeb04b518f3c205a9aa64e39b1905389434ad5cf766aa.js?body=1" for ::1 at 2017-01-24 13:40:40 -0800


Started GET "/" for ::1 at 2017-01-24 13:40:44 -0800
Processing by GoLinksUiController#index as HTML
  Rendered go_links_ui/index.haml within layouts/application (15.2ms)
Completed 200 OK in 95ms


Started GET "/" for ::1 at 2017-01-24 15:07:22 -0800
Processing by GoLinksUiController#index as HTML
  Rendered go_links_ui/index.haml within layouts/application (695.0ms)
Completed 200 OK in 779ms


Started GET "/" for ::1 at 2017-01-24 15:07:56 -0800
Processing by GoLinksUiController#index as HTML
  Rendered go_links_ui/index.haml within layouts/application (4.8ms)
Completed 200 OK in 86ms


Started GET "/" for ::1 at 2017-01-24 15:07:57 -0800
Processing by GoLinksUiController#index as HTML
  Rendered go_links_ui/index.haml within layouts/application (4.2ms)
Completed 200 OK in 81ms


Started GET "/assets/goLinksUi.bundle.self-307094f706d1d35ad5725cffac8296a44ae24fc7215b106bda48c5f6e0f83223.js?body=1" for ::1 at 2017-01-24 15:07:57 -0800


Started GET "/api/all" for ::1 at 2017-01-24 15:07:57 -0800
Processing by GoLinksUiController#index as JSON
  Parameters: {"path"=>"api/all"}
  Rendered go_links_ui/index.haml within layouts/application (5.9ms)
Completed 200 OK in 113ms


Started GET "/" for ::1 at 2017-01-24 15:10:18 -0800
Processing by GoLinksUiController#index as HTML
  Rendered go_links_ui/index.haml within layouts/application (714.6ms)
Completed 200 OK in 811ms


Started GET "/assets/goLinksUi.bundle.self-65a7b8475ff9c8a0e4fbeba3ccda11ed176b9a95dbe172f16d70712f57ba2379.js?body=1" for ::1 at 2017-01-24 15:10:19 -0800


Started GET "/api/all" for ::1 at 2017-01-24 15:10:19 -0800
Processing by GoLinksUiController#index as JSON
  Parameters: {"path"=>"api/all"}
  Rendered go_links_ui/index.haml within layouts/application (5.6ms)
Completed 200 OK in 108ms


Started GET "/api/all" for ::1 at 2017-01-24 15:10:28 -0800
Processing by GoLinksUiController#index as JSON
  Parameters: {"path"=>"api/all"}
  Rendered go_links_ui/index.haml within layouts/application (3.9ms)
Completed 200 OK in 82ms


Started GET "/api/all" for ::1 at 2017-01-24 15:10:28 -0800
Processing by GoLinksUiController#index as JSON
  Parameters: {"path"=>"api/all"}
  Rendered go_links_ui/index.haml within layouts/application (4.0ms)
Completed 200 OK in 90ms


Started GET "/api/all" for ::1 at 2017-01-24 15:15:47 -0800
Processing by GoLinksUiController#index as HTML
  Parameters: {"path"=>"api/all"}
  Rendered go_links_ui/index.haml within layouts/application (225.6ms)
Warning. Error encountered while saving cache 7859150db618d213ded1eadde30141d6e998152c/_base_styles.sassc: can't dump hash with default proc

WARNING on line 94 of /Users/shnada/Desktop/go/go_links/node_modules/liveramp-ui-toolkit/sass/_ui_progress_meter.sass:
This selector doesn't have any properties and will not be rendered.

WARNING on line 190 of /Users/shnada/Desktop/go/go_links/node_modules/liveramp-ui-toolkit/sass/_ui_table.sass:
This selector doesn't have any properties and will not be rendered.

WARNING on line 197 of /Users/shnada/Desktop/go/go_links/node_modules/liveramp-ui-toolkit/sass/_ui_table.sass:
This selector doesn't have any properties and will not be rendered.

Warning. Error encountered while saving cache 7859150db618d213ded1eadde30141d6e998152c/_base_styles.sassc: can't dump hash with default proc

Warning. Error encountered while saving cache 7859150db618d213ded1eadde30141d6e998152c/_base_styles.sassc: can't dump hash with default proc

Warning. Error encountered while saving cache 7859150db618d213ded1eadde30141d6e998152c/_base_styles.sassc: can't dump hash with default proc

Completed 200 OK in 6890ms


Started GET "/api/all" for ::1 at 2017-01-24 15:16:39 -0800
Processing by GoLinksUiController#index as HTML
  Parameters: {"path"=>"api/all"}
  Rendered go_links_ui/index.haml within layouts/application (226.1ms)
Completed 200 OK in 452ms


Started GET "/" for ::1 at 2017-01-24 15:43:48 -0800
Processing by GoLinksUiController#index as HTML
  Rendered go_links_ui/index.haml within layouts/application (830.3ms)
Completed 200 OK in 1093ms


Started GET "/" for ::1 at 2017-01-24 15:43:54 -0800
Processing by GoLinksUiController#index as HTML
  Rendered go_links_ui/index.haml within layouts/application (13.6ms)
Completed 200 OK in 144ms


Started GET "/assets/goLinksUi.bundle.self-35299122b171c46de95d051b7eb9b31d31b971f4018f984470e8c86f6f8c29fe.js?body=1" for ::1 at 2017-01-24 15:43:55 -0800


Started GET "/api/go_links" for ::1 at 2017-01-24 15:43:56 -0800
Processing by Api::GoLinksController#index as */*
Completed 200 OK in 1ms


Started GET "/" for ::1 at 2017-01-24 15:49:46 -0800
Processing by GoLinksUiController#index as HTML
  Rendered go_links_ui/index.haml within layouts/application (861.6ms)
Completed 200 OK in 1099ms


Started GET "/assets/goLinksUi.bundle.self-4958f7a3f88c953d2feabb2677223afc5263c196295c2efed0a6707614b82613.js?body=1" for ::1 at 2017-01-24 15:49:48 -0800


Started GET "/api/go_links" for ::1 at 2017-01-24 15:49:48 -0800
Processing by Api::GoLinksController#index as */*
Completed 200 OK in 2ms


Started GET "/" for ::1 at 2017-01-24 15:52:24 -0800
Processing by GoLinksUiController#index as HTML
  Rendered go_links_ui/index.haml within layouts/application (846.7ms)
Completed 200 OK in 1062ms


Started GET "/assets/goLinksUi.bundle.self-032b40f624e77a2ccf204ffdcfde07428c404081db19e953e0140b4045d9fbbb.js?body=1" for ::1 at 2017-01-24 15:52:25 -0800


Started GET "/api/go_links" for ::1 at 2017-01-24 15:52:26 -0800
Processing by Api::GoLinksController#index as */*
Completed 200 OK in 2ms


Started GET "/" for ::1 at 2017-01-24 15:54:59 -0800
Processing by GoLinksUiController#index as HTML
  Rendered go_links_ui/index.haml within layouts/application (707.7ms)
Completed 200 OK in 807ms


Started GET "/assets/goLinksUi.bundle.self-bf1ac7b0c9afa3c064b08e0d511b20edbe5825ea1ab06c70cb6541a64442c899.js?body=1" for ::1 at 2017-01-24 15:55:00 -0800


Started GET "/api/go_links" for ::1 at 2017-01-24 15:55:00 -0800
Processing by Api::GoLinksController#index as */*
Completed 200 OK in 1ms


Started GET "/" for ::1 at 2017-01-24 15:55:30 -0800
Processing by GoLinksUiController#index as HTML
  Rendered go_links_ui/index.haml within layouts/application (675.7ms)
Completed 200 OK in 784ms


Started GET "/assets/goLinksUi.bundle.self-5c9519c2cf846858e0bf995db98d36676c58da7ac2240bd37cdcf4bdab16f60d.js?body=1" for ::1 at 2017-01-24 15:55:31 -0800


Started GET "/api/go_links" for ::1 at 2017-01-24 15:55:32 -0800
Processing by Api::GoLinksController#index as */*
Completed 200 OK in 1ms


Started GET "/" for ::1 at 2017-01-24 16:05:20 -0800
Processing by GoLinksUiController#index as HTML
  Rendered go_links_ui/index.haml within layouts/application (702.3ms)
Completed 200 OK in 859ms


Started GET "/assets/goLinksUi.bundle.self-1754522b1a09b218ae93b9b8c5d6f5ad9d0614e0e126196395dbfc8611cde542.js?body=1" for ::1 at 2017-01-24 16:05:21 -0800


Started GET "/api/go_links" for ::1 at 2017-01-24 16:05:22 -0800
Processing by Api::GoLinksController#index as */*
Completed 200 OK in 1ms


Started GET "/" for ::1 at 2017-01-24 18:13:23 -0800
Processing by GoLinksUiController#index as HTML
  Rendered go_links_ui/index.haml within layouts/application (800.5ms)
Warning. Error encountered while saving cache 7859150db618d213ded1eadde30141d6e998152c/_base_styles.sassc: can't dump hash with default proc

Warning. Error encountered while saving cache 7859150db618d213ded1eadde30141d6e998152c/_base_styles.sassc: can't dump hash with default proc

Warning. Error encountered while saving cache 7859150db618d213ded1eadde30141d6e998152c/_base_styles.sassc: can't dump hash with default proc

Warning. Error encountered while saving cache 7859150db618d213ded1eadde30141d6e998152c/_base_styles.sassc: can't dump hash with default proc

Warning. Error encountered while saving cache 7859150db618d213ded1eadde30141d6e998152c/_base_styles.sassc: can't dump hash with default proc

Warning. Error encountered while saving cache 7859150db618d213ded1eadde30141d6e998152c/_base_styles.sassc: can't dump hash with default proc

Warning. Error encountered while saving cache 7859150db618d213ded1eadde30141d6e998152c/_base_styles.sassc: can't dump hash with default proc

Warning. Error encountered while saving cache 7859150db618d213ded1eadde30141d6e998152c/_base_styles.sassc: can't dump hash with default proc

Completed 200 OK in 7818ms


Started GET "/" for ::1 at 2017-01-24 18:14:05 -0800
Processing by GoLinksUiController#index as HTML
  Rendered go_links_ui/index.haml within layouts/application (4.6ms)
Completed 200 OK in 100ms


Started GET "/" for ::1 at 2017-01-24 18:14:05 -0800
Processing by GoLinksUiController#index as HTML
  Rendered go_links_ui/index.haml within layouts/application (5.0ms)
Completed 200 OK in 86ms


Started GET "/assets/custom.self-4fd56cf426faf48cba993a09ae8f5ff51210cfeceb4a03091ae651e35ec47147.css?body=1" for ::1 at 2017-01-24 18:14:06 -0800


Started GET "/assets/go_links_form.self-8eb242b99a4301ee3c8ae0608c5989afebe131c21f233b275efb0829c33fd7ec.css?body=1" for ::1 at 2017-01-24 18:14:06 -0800


Started GET "/assets/application.self-4d15d520efa8b7ef860a0e1bc28f2630727dabd35e53538039a3dfc5e7355fdc.css?body=1" for ::1 at 2017-01-24 18:14:06 -0800


Started GET "/assets/goLinksUi.bundle.self-39c4f106d697e7cf2fe27f1b160e897c9aaf43fdc759e0e442006a2b0f72eab8.js?body=1" for ::1 at 2017-01-24 18:14:06 -0800


Started GET "/api/go_links" for ::1 at 2017-01-24 18:14:07 -0800
Processing by Api::GoLinksController#index as */*
Completed 200 OK in 1ms


Started GET "/" for ::1 at 2017-01-24 18:14:07 -0800
Processing by GoLinksUiController#index as HTML
  Rendered go_links_ui/index.haml within layouts/application (6.2ms)
Completed 200 OK in 127ms


Started GET "/api/go_links" for ::1 at 2017-01-24 18:14:08 -0800
Processing by Api::GoLinksController#index as */*
Completed 200 OK in 1ms


Started GET "/" for ::1 at 2017-01-24 18:14:12 -0800
Processing by GoLinksUiController#index as HTML
  Rendered go_links_ui/index.haml within layouts/application (6.6ms)
Completed 200 OK in 107ms


Started GET "/api/go_links" for ::1 at 2017-01-24 18:14:13 -0800
Processing by Api::GoLinksController#index as */*
Completed 200 OK in 1ms


Started GET "/" for ::1 at 2017-01-24 18:14:20 -0800
Processing by GoLinksUiController#index as HTML
  Rendered go_links_ui/index.haml within layouts/application (683.4ms)
Completed 200 OK in 778ms


Started GET "/assets/goLinksUi.bundle.self-d0c27d564d2bb306a13518b382e1dd59c20f06af07a43cec0b1f627aa1206fe4.js?body=1" for ::1 at 2017-01-24 18:14:21 -0800


Started GET "/api/go_links" for ::1 at 2017-01-24 18:14:22 -0800
Processing by Api::GoLinksController#index as */*
Completed 200 OK in 1ms


Started GET "/" for ::1 at 2017-01-24 18:14:29 -0800
Processing by GoLinksUiController#index as HTML
  Rendered go_links_ui/index.haml within layouts/application (714.5ms)
Completed 200 OK in 817ms


Started GET "/assets/goLinksUi.bundle.self-32b4a7d1974ed40ac26ac2acdf49e2d3c5ac5e31f6652515220a34d8a4b8a89a.js?body=1" for ::1 at 2017-01-24 18:14:30 -0800


Started GET "/api/go_links" for ::1 at 2017-01-24 18:14:30 -0800
Processing by Api::GoLinksController#index as */*
Completed 200 OK in 1ms


Started GET "/" for ::1 at 2017-01-24 18:14:56 -0800
Processing by GoLinksUiController#index as HTML
  Rendered go_links_ui/index.haml within layouts/application (780.2ms)
Completed 200 OK in 861ms


Started GET "/assets/goLinksUi.bundle.self-56775ccbc46008d26765b5dfd094cdd0ca99c9f4456c4a9d81df318f76f66b07.js?body=1" for ::1 at 2017-01-24 18:14:57 -0800


Started GET "/" for ::1 at 2017-01-24 18:15:21 -0800
Processing by GoLinksUiController#index as HTML
  Rendered go_links_ui/index.haml within layouts/application (670.2ms)
Completed 200 OK in 749ms


Started GET "/assets/goLinksUi.bundle.self-b930484cd4473edefbd5abc02d0bbd861cbde1790c059c309f1d3cfc98e286d5.js?body=1" for ::1 at 2017-01-24 18:15:22 -0800


Started GET "/api/go_links" for ::1 at 2017-01-24 18:15:22 -0800
Processing by Api::GoLinksController#index as */*
Completed 200 OK in 1ms


Started GET "/" for ::1 at 2017-01-24 18:15:32 -0800
Processing by GoLinksUiController#index as HTML
  Rendered go_links_ui/index.haml within layouts/application (15.3ms)
Completed 200 OK in 130ms


Started GET "/api/go_links" for ::1 at 2017-01-24 18:15:32 -0800
Processing by Api::GoLinksController#index as */*
Completed 200 OK in 1ms


Started GET "/" for ::1 at 2017-01-24 18:15:52 -0800
Processing by GoLinksUiController#index as HTML
  Rendered go_links_ui/index.haml within layouts/application (720.5ms)
Completed 200 OK in 799ms


Started GET "/assets/goLinksUi.bundle.self-b3de62ed23b8ddddf00f189ab3c069382027f4960ecf4c5fea1704eb9cadbdf9.js?body=1" for ::1 at 2017-01-24 18:15:53 -0800


Started GET "/api/go_links" for ::1 at 2017-01-24 18:15:53 -0800
Processing by Api::GoLinksController#index as */*
Completed 200 OK in 1ms


Started GET "/" for ::1 at 2017-01-24 18:17:45 -0800
Processing by GoLinksUiController#index as HTML
  Rendered go_links_ui/index.haml within layouts/application (706.5ms)
Completed 200 OK in 805ms


Started GET "/assets/goLinksUi.bundle.self-b2494703b951b8b95b0bf9a3fd12b40a7bd655f7436bdb30bc95951f3fe987d8.js?body=1" for ::1 at 2017-01-24 18:17:46 -0800


Started GET "/api/go_links" for ::1 at 2017-01-24 18:17:47 -0800
Processing by Api::GoLinksController#index as */*
Completed 200 OK in 1ms


Started GET "/" for ::1 at 2017-01-24 18:17:51 -0800
Processing by GoLinksUiController#index as HTML
  Rendered go_links_ui/index.haml within layouts/application (701.3ms)
Completed 200 OK in 797ms


Started GET "/assets/goLinksUi.bundle.self-c16fc7d333d770de1dcc5fac41c1c06e58ca661c113ed9792c20a2d647ceef34.js?body=1" for ::1 at 2017-01-24 18:17:52 -0800


Started GET "/api/go_links" for ::1 at 2017-01-24 18:17:53 -0800
Processing by Api::GoLinksController#index as */*
Completed 200 OK in 1ms


Started GET "/" for ::1 at 2017-01-24 18:18:40 -0800
Processing by GoLinksUiController#index as HTML
  Rendered go_links_ui/index.haml within layouts/application (4.6ms)
Completed 200 OK in 85ms


Started GET "/api/go_links" for ::1 at 2017-01-24 18:18:41 -0800
Processing by Api::GoLinksController#index as */*
Completed 200 OK in 1ms


Started GET "/" for ::1 at 2017-01-24 18:19:44 -0800
Processing by GoLinksUiController#index as HTML
  Rendered go_links_ui/index.haml within layouts/application (712.9ms)
Completed 200 OK in 812ms


Started GET "/assets/goLinksUi.bundle.self-86956b08eca721b7d2353200cf4cb204b3900db069148fd11d62a0c03ae7fdd6.js?body=1" for ::1 at 2017-01-24 18:19:45 -0800


Started GET "/api/go_links" for ::1 at 2017-01-24 18:19:46 -0800
Processing by Api::GoLinksController#index as */*
Completed 200 OK in 1ms


Started GET "/" for ::1 at 2017-01-24 18:21:04 -0800
Processing by GoLinksUiController#index as HTML
  Rendered go_links_ui/index.haml within layouts/application (19.9ms)
Completed 200 OK in 141ms


Started GET "/api/go_links" for ::1 at 2017-01-24 18:21:05 -0800
Processing by Api::GoLinksController#index as */*
Completed 200 OK in 1ms


Started GET "/" for ::1 at 2017-01-26 11:46:55 -0800
Processing by GoLinksUiController#index as HTML
  Rendered go_links_ui/index.haml within layouts/application (817.8ms)
Completed 200 OK in 1204ms


Started GET "/assets/bootstrap/alert.self-d8b7bd612b3dcfdefb7b5539b9d5848d66ccbd3e7af8bb8d48bfb3288aaa7be8.js?body=1" for ::1 at 2017-01-26 11:46:57 -0800


Started GET "/assets/bootstrap/carousel.self-35d204878d906298e55bc24553e11fd89b980fc4ffe5792fe36af8c0da289c54.js?body=1" for ::1 at 2017-01-26 11:46:58 -0800


Started GET "/assets/bootstrap/collapse.self-056c40532d9f0f126ec17e839f60c942f573fbd61a086e7f156306e3fc5e8c1f.js?body=1" for ::1 at 2017-01-26 11:46:58 -0800


Started GET "/assets/bootstrap/scrollspy.self-52afd90e8ba97d9f08617a13986e8869d6c4a45751c0bff59a6f91241e722aca.js?body=1" for ::1 at 2017-01-26 11:46:58 -0800


Started GET "/assets/bootstrap/dropdown.self-e56c2ffee4618411d43ecf15c89273f6223847ad756e1cd17545d04afa732ed4.js?body=1" for ::1 at 2017-01-26 11:46:58 -0800


Started GET "/assets/bootstrap/tab.self-dad0d5c377f9fae26394484535ebb23ccf68afae084f896af6ea4cdf8c9f6ae0.js?body=1" for ::1 at 2017-01-26 11:46:58 -0800


Started GET "/assets/bootstrap/transition.self-3b268d4cd8c79e46ded7392885f72f64ffb5b0d49948a12b8cf9779f6163e13a.js?body=1" for ::1 at 2017-01-26 11:46:58 -0800


Started GET "/assets/bootstrap/popover.self-210cff1fb4b72b71a29b5122180cb5937c8145cd13a934dc838280f1d9607a3e.js?body=1" for ::1 at 2017-01-26 11:46:59 -0800


Started GET "/assets/bootstrap-sprockets.self-fbfa5ad7d9aa0afe439ec4ff3883acc4cb92b62cb67c40d674320c9aa1d4642d.js?body=1" for ::1 at 2017-01-26 11:46:59 -0800


Started GET "/assets/application.self-377610cd7c1509e934744c810e3b4cf672dfbcacac3274e7d039827e2ae0fcc7.js?body=1" for ::1 at 2017-01-26 11:46:59 -0800


Started GET "/assets/goLinksUi.bundle.self-3ee58bd72b09181f402b05949daa3d3cdf98150dc2fc77225de4d6bf432ba2b7.js?body=1" for ::1 at 2017-01-26 11:46:59 -0800


Started GET "/api/go_links" for ::1 at 2017-01-26 11:46:59 -0800
Processing by Api::GoLinksController#index as */*
Completed 200 OK in 1ms
